Using pre-set license
Built from '2021.3/staging' branch; Version is '2021.3.26f1 (a16dc32e0ff2) revision 10579395'; Using compiler version '192829333'; Build Type 'Release'
OS: 'Windows 11  (10.0.22621) 64bit Professional' Language: 'ru' Physical Memory: 16200 MB
BatchMode: 1, IsHumanControllingUs: 0, StartBugReporterOnCrash: 0, Is64bit: 1, IsPro: 1

COMMAND LINE ARGUMENTS:
D:\downloads\Editor\Unity.exe
-adb2
-batchMode
-noUpm
-name
AssetImportWorker10
-projectPath
D:/project/TestUnity/New Unity Project
-logFile
Logs/AssetImportWorker10.log
-srvPort
52115
Successfully changed project path to: D:/project/TestUnity/New Unity Project
D:/project/TestUnity/New Unity Project
[UnityMemory] Configuration Parameters - Can be set up in boot.config
    "memorysetup-bucket-allocator-granularity=16"
    "memorysetup-bucket-allocator-bucket-count=8"
    "memorysetup-bucket-allocator-block-size=33554432"
    "memorysetup-bucket-allocator-block-count=8"
    "memorysetup-main-allocator-block-size=16777216"
    "memorysetup-thread-allocator-block-size=16777216"
    "memorysetup-gfx-main-allocator-block-size=16777216"
    "memorysetup-gfx-thread-allocator-block-size=16777216"
    "memorysetup-cache-allocator-block-size=4194304"
    "memorysetup-typetree-allocator-block-size=2097152"
    "memorysetup-profiler-bucket-allocator-granularity=16"
    "memorysetup-profiler-bucket-allocator-bucket-count=8"
    "memorysetup-profiler-bucket-allocator-block-size=33554432"
    "memorysetup-profiler-bucket-allocator-block-count=8"
    "memorysetup-profiler-allocator-block-size=16777216"
    "memorysetup-profiler-editor-allocator-block-size=1048576"
    "memorysetup-temp-allocator-size-main=16777216"
    "memorysetup-job-temp-allocator-block-size=2097152"
    "memorysetup-job-temp-allocator-block-size-background=1048576"
    "memorysetup-job-temp-allocator-reduction-small-platforms=262144"
    "memorysetup-temp-allocator-size-background-worker=32768"
    "memorysetup-temp-allocator-size-job-worker=262144"
    "memorysetup-temp-allocator-size-preload-manager=33554432"
    "memorysetup-temp-allocator-size-nav-mesh-worker=65536"
    "memorysetup-temp-allocator-size-audio-worker=65536"
    "memorysetup-temp-allocator-size-cloud-worker=32768"
    "memorysetup-temp-allocator-size-gi-baking-worker=262144"
    "memorysetup-temp-allocator-size-gfx=262144"
Player connection [15284] Host "[IP] 192.168.2.69 [Port] 0 [Flags] 2 [Guid] 2761884095 [EditorId] 2761884095 [Version] 1048832 [Id] WindowsEditor(7,Elena) [Debug] 1 [PackageName] WindowsEditor [ProjectName] Editor" joined multi-casting on [225.0.0.222:54997]...

Player connection [15284] Host "[IP] 192.168.2.69 [Port] 0 [Flags] 2 [Guid] 2761884095 [EditorId] 2761884095 [Version] 1048832 [Id] WindowsEditor(7,Elena) [Debug] 1 [PackageName] WindowsEditor [ProjectName] Editor" joined alternative multi-casting on [225.0.0.222:34997]...

Refreshing native plugins compatible for Editor in 71.48 ms, found 3 plugins.
Preloading 0 native plugins for Editor in 0.00 ms.
Initialize engine version: 2021.3.26f1 (a16dc32e0ff2)
[Subsystems] Discovering subsystems at path D:/downloads/Editor/Data/Resources/UnitySubsystems
[Subsystems] Discovering subsystems at path D:/project/TestUnity/New Unity Project/Assets
GfxDevice: creating device client; threaded=0; jobified=0
Direct3D:
    Version:  Direct3D 11.0 [level 11.1]
    Renderer: NVIDIA GeForce GTX 1660 Ti (ID=0x2191)
    Vendor:   NVIDIA
    VRAM:     5991 MB
    Driver:   26.21.14.4223
Initialize mono
Mono path[0] = 'D:/downloads/Editor/Data/Managed'
Mono path[1] = 'D:/downloads/Editor/Data/MonoBleedingEdge/lib/mono/unityjit-win32'
Mono config path = 'D:/downloads/Editor/Data/MonoBleedingEdge/etc'
Using monoOptions --debugger-agent=transport=dt_socket,embedding=1,server=y,suspend=n,address=127.0.0.1:56528
Begin MonoManager ReloadAssembly
Registering precompiled unity dll's ...
Register platform support module: D:/downloads/Editor/Data/PlaybackEngines/WindowsStandaloneSupport/UnityEditor.WindowsStandalone.Extensions.dll
Registered in 0.001203 seconds.
Native extension for WindowsStandalone target not found
Refreshing native plugins compatible for Editor in 65.40 ms, found 3 plugins.
Preloading 0 native plugins for Editor in 0.00 ms.
Mono: successfully reloaded assembly
- Completed reload, in  0.586 seconds
Domain Reload Profiling:
	ReloadAssembly (586ms)
		BeginReloadAssembly (84ms)
			ExecutionOrderSort (0ms)
			DisableScriptedObjects (0ms)
			BackupInstance (0ms)
			ReleaseScriptingObjects (0ms)
			CreateAndSetChildDomain (1ms)
		EndReloadAssembly (417ms)
			LoadAssemblies (83ms)
			RebuildTransferFunctionScriptingTraits (0ms)
			SetupTypeCache (115ms)
			ReleaseScriptCaches (0ms)
			RebuildScriptCaches (26ms)
			SetupLoadedEditorAssemblies (232ms)
				LogAssemblyErrors (0ms)
				InitializePlatformSupportModulesInManaged (6ms)
				SetLoadedEditorAssemblies (0ms)
				RefreshPlugins (65ms)
				BeforeProcessingInitializeOnLoad (1ms)
				ProcessInitializeOnLoadAttributes (115ms)
				ProcessInitializeOnLoadMethodAttributes (44ms)
				AfterProcessingInitializeOnLoad (0ms)
				EditorAssembliesLoaded (0ms)
			ExecutionOrderSort2 (0ms)
			AwakeInstancesAfterBackupRestoration (0ms)
Platform modules already initialized, skipping
Registering precompiled user dll's ...
Registered in 0.002414 seconds.
Begin MonoManager ReloadAssembly
Native extension for WindowsStandalone target not found
Refreshing native plugins compatible for Editor in 0.48 ms, found 3 plugins.
Preloading 0 native plugins for Editor in 0.00 ms.
Mono: successfully reloaded assembly
- Completed reload, in  0.908 seconds
Domain Reload Profiling:
	ReloadAssembly (909ms)
		BeginReloadAssembly (102ms)
			ExecutionOrderSort (0ms)
			DisableScriptedObjects (6ms)
			BackupInstance (0ms)
			ReleaseScriptingObjects (0ms)
			CreateAndSetChildDomain (15ms)
		EndReloadAssembly (721ms)
			LoadAssemblies (66ms)
			RebuildTransferFunctionScriptingTraits (0ms)
			SetupTypeCache (214ms)
			ReleaseScriptCaches (0ms)
			RebuildScriptCaches (52ms)
			SetupLoadedEditorAssemblies (352ms)
				LogAssemblyErrors (0ms)
				InitializePlatformSupportModulesInManaged (75ms)
				SetLoadedEditorAssemblies (0ms)
				RefreshPlugins (1ms)
				BeforeProcessingInitializeOnLoad (58ms)
				ProcessInitializeOnLoadAttributes (196ms)
				ProcessInitializeOnLoadMethodAttributes (20ms)
				AfterProcessingInitializeOnLoad (2ms)
				EditorAssembliesLoaded (0ms)
			ExecutionOrderSort2 (0ms)
			AwakeInstancesAfterBackupRestoration (5ms)
Platform modules already initialized, skipping
========================================================================
Worker process is ready to serve import requests
Launched and connected shader compiler UnityShaderCompiler.exe after 0.05 seconds
Refreshing native plugins compatible for Editor in 0.49 ms, found 3 plugins.
Preloading 0 native plugins for Editor in 0.00 ms.
Unloading 2918 Unused Serialized files (Serialized files now loaded: 0)
Unloading 21 unused Assets / (56.3 KB). Loaded Objects now: 3398.
Memory consumption went from 116.0 MB to 115.9 MB.
Total: 2.559000 ms (FindLiveObjects: 0.214500 ms CreateObjectMapping: 0.171400 ms MarkObjects: 2.080200 ms  DeleteObjects: 0.092200 ms)

AssetImportParameters requested are different than current active one (requested -> active):
  custom:video-decoder-ogg-theora: a1e56fd34408186e4bbccfd4996cb3dc -> 
  custom:container-muxer-webm: aa71ff27fc2769a1b78a27578f13a17b -> 
  custom:container-demuxer-webm: 4f35f7cbe854078d1ac9338744f61a02 -> 
  custom:video-encoder-webm-vp8: eb34c28f22e8b96e1ab97ce403110664 -> 
  custom:video-codec-MediaFoundation-h265: 746d11721c4dcdbdad8f713fa42b33f4 -> 
  custom:audio-encoder-webm-vorbis: bf7c407c2cedff20999df2af8eb42d56 -> 
  custom:framework-win-MediaFoundation: 216162199b28c13a410421893ffa2e32 -> 
  custom:container-demuxer-ogg: 62fdf1f143b41e24485cea50d1cbac27 -> 
  custom:video-decoder-webm-vp8: 9c59270c3fd7afecdb556c50c9e8de78 -> 
  custom:audio-decoder-ogg-vorbis: bf7c407c2cedff20999df2af8eb42d56 -> 
========================================================================
Received Import Request.
  Time since last request: 4102.711158 seconds.
  path: Assets/WoodsLifestyle/Models/Stairs_Ladders/Staircase_01.fbx
  artifactKey: Guid(279a9fc532b7d204db6e6e3f4bcfadb4) Importer(815301076,1909f56bfc062723c751e8b465ee728b)
Start importing Assets/WoodsLifestyle/Models/Stairs_Ladders/Staircase_01.fbx using Guid(279a9fc532b7d204db6e6e3f4bcfadb4) Importer(815301076,1909f56bfc062723c751e8b465ee728b)  -> (artifact id: 'e2778761c67f3c8497fdcbd32d38d9d6') in 0.124353 seconds 
========================================================================
Received Import Request.
  Time since last request: 7.966212 seconds.
  path: Assets/WoodsLifestyle/Models/Vegetation/Flowers/Flower_b_01.fbx
  artifactKey: Guid(ff0e13c71964d404da1f4a621be6b480) Importer(815301076,1909f56bfc062723c751e8b465ee728b)
Start importing Assets/WoodsLifestyle/Models/Vegetation/Flowers/Flower_b_01.fbx using Guid(ff0e13c71964d404da1f4a621be6b480) Importer(815301076,1909f56bfc062723c751e8b465ee728b)  -> (artifact id: '3d90aa4d8796292bac4f882b5e15d31c') in 0.017927 seconds 
========================================================================
Received Import Request.
  Time since last request: 0.000017 seconds.
  path: Assets/WoodsLifestyle/Models/Vegetation/Flowers/Flower_c_a_03.fbx
  artifactKey: Guid(24d8d934c521ae14aaf8ff627bed0276) Importer(815301076,1909f56bfc062723c751e8b465ee728b)
Start importing Assets/WoodsLifestyle/Models/Vegetation/Flowers/Flower_c_a_03.fbx using Guid(24d8d934c521ae14aaf8ff627bed0276) Importer(815301076,1909f56bfc062723c751e8b465ee728b)  -> (artifact id: 'c7152766e3ffcbe31e93230a74132907') in 0.019128 seconds 
========================================================================
Received Import Request.
  Time since last request: 3.386623 seconds.
  path: Assets/WoodsLifestyle/Models/Vegetation/Trees/Tree_01_b.fbx
  artifactKey: Guid(bc6d37bc0024e3a4fad1700494387794) Importer(815301076,1909f56bfc062723c751e8b465ee728b)
Start importing Assets/WoodsLifestyle/Models/Vegetation/Trees/Tree_01_b.fbx using Guid(bc6d37bc0024e3a4fad1700494387794) Importer(815301076,1909f56bfc062723c751e8b465ee728b)  -> (artifact id: '835edd910ef7cfb6832729fea15eeeb4') in 0.016435 seconds 
========================================================================
Received Import Request.
  Time since last request: 0.000015 seconds.
  path: Assets/WoodsLifestyle/Models/Vegetation/Trees/Tree_08_a.fbx
  artifactKey: Guid(89199666cf50b2d4daa0f148a55d4208) Importer(815301076,1909f56bfc062723c751e8b465ee728b)
Start importing Assets/WoodsLifestyle/Models/Vegetation/Trees/Tree_08_a.fbx using Guid(89199666cf50b2d4daa0f148a55d4208) Importer(815301076,1909f56bfc062723c751e8b465ee728b)  -> (artifact id: 'f1f64b24fa7d58c35318b2d759865ef8') in 0.018769 seconds 
========================================================================
Received Import Request.
  Time since last request: 0.000034 seconds.
  path: Assets/WoodsLifestyle/Models/Vegetation/Trees/Tree_09_a.fbx
  artifactKey: Guid(bcf903531d6a3b340a45c0ac997472c9) Importer(815301076,1909f56bfc062723c751e8b465ee728b)
Start importing Assets/WoodsLifestyle/Models/Vegetation/Trees/Tree_09_a.fbx using Guid(bcf903531d6a3b340a45c0ac997472c9) Importer(815301076,1909f56bfc062723c751e8b465ee728b)  -> (artifact id: 'cf57a13b7676349f5f1b647392bb7dba') in 0.019852 seconds 
========================================================================
Received Import Request.
  Time since last request: 0.000018 seconds.
  path: Assets/WoodsLifestyle/Models/Vegetation/Trees/Tree_06_b.fbx
  artifactKey: Guid(d0d1378f9346c4445965194f2ece541a) Importer(815301076,1909f56bfc062723c751e8b465ee728b)
Start importing Assets/WoodsLifestyle/Models/Vegetation/Trees/Tree_06_b.fbx using Guid(d0d1378f9346c4445965194f2ece541a) Importer(815301076,1909f56bfc062723c751e8b465ee728b)  -> (artifact id: 'fde2d439407b888927f45fb039f1abdb') in 0.022625 seconds 
========================================================================
Received Import Request.
  Time since last request: 0.000019 seconds.
  path: Assets/WoodsLifestyle/Models/Vegetation/Trees/Tree_03_b.fbx
  artifactKey: Guid(ed730ea1c0f17534aae2b1e3ffcd0fff) Importer(815301076,1909f56bfc062723c751e8b465ee728b)
Start importing Assets/WoodsLifestyle/Models/Vegetation/Trees/Tree_03_b.fbx using Guid(ed730ea1c0f17534aae2b1e3ffcd0fff) Importer(815301076,1909f56bfc062723c751e8b465ee728b)  -> (artifact id: 'ebf5db4b395bf1efec7422ac03cddbbd') in 0.019755 seconds 
========================================================================
Received Import Request.
  Time since last request: 0.000029 seconds.
  path: Assets/WoodsLifestyle/Models/Vegetation/Trees/Tree_13_a.fbx
  artifactKey: Guid(d013c59f8370fb04887e197bee6f990b) Importer(815301076,1909f56bfc062723c751e8b465ee728b)
Start importing Assets/WoodsLifestyle/Models/Vegetation/Trees/Tree_13_a.fbx using Guid(d013c59f8370fb04887e197bee6f990b) Importer(815301076,1909f56bfc062723c751e8b465ee728b)  -> (artifact id: '62fc11fc0433e3de6d51e997c413ef7d') in 0.019227 seconds 
========================================================================
Received Import Request.
  Time since last request: 0.000020 seconds.
  path: Assets/WoodsLifestyle/Models/Vegetation/Trees/Tree_12_c.fbx
  artifactKey: Guid(6761840b9f449af419d4cb4ba6a3ee1b) Importer(815301076,1909f56bfc062723c751e8b465ee728b)
Start importing Assets/WoodsLifestyle/Models/Vegetation/Trees/Tree_12_c.fbx using Guid(6761840b9f449af419d4cb4ba6a3ee1b) Importer(815301076,1909f56bfc062723c751e8b465ee728b)  -> (artifact id: '68199005bc00163f03ed042b48e30976') in 0.019073 seconds 
========================================================================
Received Import Request.
  Time since last request: 0.000021 seconds.
  path: Assets/WoodsLifestyle/Models/Vegetation/Trees/Tree_07_a.fbx
  artifactKey: Guid(8f86cad54e8fcbc4696dea3c7aa3c578) Importer(815301076,1909f56bfc062723c751e8b465ee728b)
Start importing Assets/WoodsLifestyle/Models/Vegetation/Trees/Tree_07_a.fbx using Guid(8f86cad54e8fcbc4696dea3c7aa3c578) Importer(815301076,1909f56bfc062723c751e8b465ee728b)  -> (artifact id: 'b886b4652bce5a0b70b84d52ce1b15e4') in 0.017595 seconds 
========================================================================
Received Import Request.
  Time since last request: 0.000016 seconds.
  path: Assets/WoodsLifestyle/Models/Vegetation/Trees/Tree_10_b.fbx
  artifactKey: Guid(8253036677e369a47a60dca6e4c81eb8) Importer(815301076,1909f56bfc062723c751e8b465ee728b)
Start importing Assets/WoodsLifestyle/Models/Vegetation/Trees/Tree_10_b.fbx using Guid(8253036677e369a47a60dca6e4c81eb8) Importer(815301076,1909f56bfc062723c751e8b465ee728b)  -> (artifact id: 'c4a7fd31d30f99df0d864622f02af165') in 0.016869 seconds 
========================================================================
Received Import Request.
  Time since last request: 0.000021 seconds.
  path: Assets/WoodsLifestyle/Models/Vegetation/Trees/Tree_02_a.fbx
  artifactKey: Guid(be20c35fb33c0ed429d4dc2691cd3bc4) Importer(815301076,1909f56bfc062723c751e8b465ee728b)
Start importing Assets/WoodsLifestyle/Models/Vegetation/Trees/Tree_02_a.fbx using Guid(be20c35fb33c0ed429d4dc2691cd3bc4) Importer(815301076,1909f56bfc062723c751e8b465ee728b)  -> (artifact id: 'fe283979cae12b242adde0522e58bf6d') in 0.016238 seconds 
========================================================================
Received Import Request.
  Time since last request: 0.000020 seconds.
  path: Assets/WoodsLifestyle/Models/Vegetation/Trees/Tree_14_c.fbx
  artifactKey: Guid(cb65d46200540b9458fb48a5a1077f7e) Importer(815301076,1909f56bfc062723c751e8b465ee728b)
Start importing Assets/WoodsLifestyle/Models/Vegetation/Trees/Tree_14_c.fbx using Guid(cb65d46200540b9458fb48a5a1077f7e) Importer(815301076,1909f56bfc062723c751e8b465ee728b)  -> (artifact id: '50877885d68da2128af2cd6c1fa50b0e') in 0.017831 seconds 
========================================================================
Received Import Request.
  Time since last request: 0.000022 seconds.
  path: Assets/WoodsLifestyle/Models/Vegetation/Trees/Tree_13_c.fbx
  artifactKey: Guid(906dc2c7bb4a47f4f9e324b884777d16) Importer(815301076,1909f56bfc062723c751e8b465ee728b)
Start importing Assets/WoodsLifestyle/Models/Vegetation/Trees/Tree_13_c.fbx using Guid(906dc2c7bb4a47f4f9e324b884777d16) Importer(815301076,1909f56bfc062723c751e8b465ee728b)  -> (artifact id: '83d8fcf7b5d7c48c2d4a025619dd91de') in 0.018288 seconds 
========================================================================
Received Import Request.
  Time since last request: 0.000037 seconds.
  path: Assets/WoodsLifestyle/Models/Vegetation/Trees/Tree_03_c.fbx
  artifactKey: Guid(4eaba37da53667f4eab7d9642ce23a4a) Importer(815301076,1909f56bfc062723c751e8b465ee728b)
Start importing Assets/WoodsLifestyle/Models/Vegetation/Trees/Tree_03_c.fbx using Guid(4eaba37da53667f4eab7d9642ce23a4a) Importer(815301076,1909f56bfc062723c751e8b465ee728b)  -> (artifact id: 'd74b6a76fb69fbddcb26385bc0a8a1f8') in 0.019235 seconds 
========================================================================
Received Import Request.
  Time since last request: 0.000023 seconds.
  path: Assets/WoodsLifestyle/Models/Vegetation/Trees/Tree_14_a.fbx
  artifactKey: Guid(ab0c87eac21971e428f02fc170578634) Importer(815301076,1909f56bfc062723c751e8b465ee728b)
Start importing Assets/WoodsLifestyle/Models/Vegetation/Trees/Tree_14_a.fbx using Guid(ab0c87eac21971e428f02fc170578634) Importer(815301076,1909f56bfc062723c751e8b465ee728b)  -> (artifact id: '3beaf6e4301f2753bf67494ccdc9d3d8') in 0.017924 seconds 
========================================================================
Received Import Request.
  Time since last request: 12.715516 seconds.
  path: Assets/WoodsLifestyle/Models/Props/Interior/Book_01_b.fbx
  artifactKey: Guid(0f8bc0b48eb8be8489ef538907b7a2f2) Importer(815301076,1909f56bfc062723c751e8b465ee728b)
Start importing Assets/WoodsLifestyle/Models/Props/Interior/Book_01_b.fbx using Guid(0f8bc0b48eb8be8489ef538907b7a2f2) Importer(815301076,1909f56bfc062723c751e8b465ee728b)  -> (artifact id: '35ad68718b17352238a2e1f76ad3a21f') in 0.015413 seconds 
========================================================================
Received Import Request.
  Time since last request: 0.000021 seconds.
  path: Assets/WoodsLifestyle/Models/Props/Interior/Lamp_01_c.fbx
  artifactKey: Guid(bec491f39dddce846aaeca808e9c6bc8) Importer(815301076,1909f56bfc062723c751e8b465ee728b)
Start importing Assets/WoodsLifestyle/Models/Props/Interior/Lamp_01_c.fbx using Guid(bec491f39dddce846aaeca808e9c6bc8) Importer(815301076,1909f56bfc062723c751e8b465ee728b)  -> (artifact id: '1375a617980b11a88348ed50658deae0') in 0.017679 seconds 
========================================================================
Received Import Request.
  Time since last request: 0.000025 seconds.
  path: Assets/WoodsLifestyle/Models/Props/Interior/Candle_02_c.fbx
  artifactKey: Guid(fdb21088fbc23bc45b28babcbec00970) Importer(815301076,1909f56bfc062723c751e8b465ee728b)
Start importing Assets/WoodsLifestyle/Models/Props/Interior/Candle_02_c.fbx using Guid(fdb21088fbc23bc45b28babcbec00970) Importer(815301076,1909f56bfc062723c751e8b465ee728b)  -> (artifact id: 'bf2d54d0008079b257394f36fa213e19') in 0.020995 seconds 
========================================================================
Received Import Request.
  Time since last request: 0.000058 seconds.
  path: Assets/WoodsLifestyle/Models/Props/Interior/Lamp_01_a.fbx
  artifactKey: Guid(dcb425397a1eacb418a988036a362221) Importer(815301076,1909f56bfc062723c751e8b465ee728b)
Start importing Assets/WoodsLifestyle/Models/Props/Interior/Lamp_01_a.fbx using Guid(dcb425397a1eacb418a988036a362221) Importer(815301076,1909f56bfc062723c751e8b465ee728b)  -> (artifact id: '3f6e5b3ea57ef38756ddfc411ee9448c') in 0.022281 seconds 
========================================================================
Received Import Request.
  Time since last request: 0.000016 seconds.
  path: Assets/WoodsLifestyle/Models/Props/Interior/Candle_02_a.fbx
  artifactKey: Guid(324da3b8157a35244b342b0c1d0a2d54) Importer(815301076,1909f56bfc062723c751e8b465ee728b)
Start importing Assets/WoodsLifestyle/Models/Props/Interior/Candle_02_a.fbx using Guid(324da3b8157a35244b342b0c1d0a2d54) Importer(815301076,1909f56bfc062723c751e8b465ee728b)  -> (artifact id: 'c6a7181d2a0548006c422285f50a909b') in 0.019905 seconds 
========================================================================
Received Import Request.
  Time since last request: 0.000041 seconds.
  path: Assets/WoodsLifestyle/Models/Props/Interior/BookOpen_01_d.fbx
  artifactKey: Guid(3905a92bfb29f4740a5adf0a829a2c6c) Importer(815301076,1909f56bfc062723c751e8b465ee728b)
Start importing Assets/WoodsLifestyle/Models/Props/Interior/BookOpen_01_d.fbx using Guid(3905a92bfb29f4740a5adf0a829a2c6c) Importer(815301076,1909f56bfc062723c751e8b465ee728b)  -> (artifact id: '10efbf2ddc9475c0e543946756783e7c') in 0.021479 seconds 
========================================================================
Received Import Request.
  Time since last request: 0.000020 seconds.
  path: Assets/WoodsLifestyle/Models/Props/Interior/Candle_02_d.fbx
  artifactKey: Guid(40075346ee08ce549918a0f1bf841d66) Importer(815301076,1909f56bfc062723c751e8b465ee728b)
Start importing Assets/WoodsLifestyle/Models/Props/Interior/Candle_02_d.fbx using Guid(40075346ee08ce549918a0f1bf841d66) Importer(815301076,1909f56bfc062723c751e8b465ee728b)  -> (artifact id: '0c2a59555e51701ea1df2cf45cf341a9') in 0.018193 seconds 
========================================================================
Received Import Request.
  Time since last request: 0.000025 seconds.
  path: Assets/WoodsLifestyle/Models/Props/Interior/WallLight_02.fbx
  artifactKey: Guid(56cfb45452052b94da3586836eb64dff) Importer(815301076,1909f56bfc062723c751e8b465ee728b)
Start importing Assets/WoodsLifestyle/Models/Props/Interior/WallLight_02.fbx using Guid(56cfb45452052b94da3586836eb64dff) Importer(815301076,1909f56bfc062723c751e8b465ee728b)  -> (artifact id: '6a730770ca5d38b3979996e50bf667b7') in 0.018191 seconds 
========================================================================
Received Import Request.
  Time since last request: 0.000023 seconds.
  path: Assets/WoodsLifestyle/Models/Props/Interior/Book_02_d.fbx
  artifactKey: Guid(4617c10bf69426d4aba6acfb4b3bfc84) Importer(815301076,1909f56bfc062723c751e8b465ee728b)
Start importing Assets/WoodsLifestyle/Models/Props/Interior/Book_02_d.fbx using Guid(4617c10bf69426d4aba6acfb4b3bfc84) Importer(815301076,1909f56bfc062723c751e8b465ee728b)  -> (artifact id: '065a04f3a84bda4cff4b00cd55d946d0') in 0.016883 seconds 
========================================================================
Received Import Request.
  Time since last request: 0.000016 seconds.
  path: Assets/WoodsLifestyle/Models/Props/Interior/Candle_03_c.fbx
  artifactKey: Guid(897a73feb54215540ac3193ceb084519) Importer(815301076,1909f56bfc062723c751e8b465ee728b)
Start importing Assets/WoodsLifestyle/Models/Props/Interior/Candle_03_c.fbx using Guid(897a73feb54215540ac3193ceb084519) Importer(815301076,1909f56bfc062723c751e8b465ee728b)  -> (artifact id: '91d091b3cfc2dbf1294d11b3d5647a7b') in 0.019111 seconds 
========================================================================
Received Import Request.
  Time since last request: 0.000021 seconds.
  path: Assets/WoodsLifestyle/Models/Props/Interior/Candle_03_d.fbx
  artifactKey: Guid(bad1f1798203c544f98a3797aaaef533) Importer(815301076,1909f56bfc062723c751e8b465ee728b)
Start importing Assets/WoodsLifestyle/Models/Props/Interior/Candle_03_d.fbx using Guid(bad1f1798203c544f98a3797aaaef533) Importer(815301076,1909f56bfc062723c751e8b465ee728b)  -> (artifact id: '56cae521a44d5700442b74ae88371466') in 0.019923 seconds 
========================================================================
Received Import Request.
  Time since last request: 0.000065 seconds.
  path: Assets/WoodsLifestyle/Models/Props/Interior/Pot_01_b.fbx
  artifactKey: Guid(f72d78d10dcc2d449a7f54c0ef6241bd) Importer(815301076,1909f56bfc062723c751e8b465ee728b)
Start importing Assets/WoodsLifestyle/Models/Props/Interior/Pot_01_b.fbx using Guid(f72d78d10dcc2d449a7f54c0ef6241bd) Importer(815301076,1909f56bfc062723c751e8b465ee728b)  -> (artifact id: '82c4b747e5ebe9df6a80410cc0c5f45d') in 0.019127 seconds 
========================================================================
Received Import Request.
  Time since last request: 0.000018 seconds.
  path: Assets/WoodsLifestyle/Models/Props/Interior/WallLight_01.fbx
  artifactKey: Guid(610496fb0c161894bb9d48ab673a99fd) Importer(815301076,1909f56bfc062723c751e8b465ee728b)
Start importing Assets/WoodsLifestyle/Models/Props/Interior/WallLight_01.fbx using Guid(610496fb0c161894bb9d48ab673a99fd) Importer(815301076,1909f56bfc062723c751e8b465ee728b)  -> (artifact id: '46d332ad0fe55c73d740c56b0ff2f1e0') in 0.017696 seconds 
========================================================================
Received Import Request.
  Time since last request: 1.482600 seconds.
  path: Assets/WoodsLifestyle/Models/Props/Furniture/BedSingle_01.fbx
  artifactKey: Guid(67db6c5b46da9ab41bb4dc86d034f942) Importer(815301076,1909f56bfc062723c751e8b465ee728b)
Start importing Assets/WoodsLifestyle/Models/Props/Furniture/BedSingle_01.fbx using Guid(67db6c5b46da9ab41bb4dc86d034f942) Importer(815301076,1909f56bfc062723c751e8b465ee728b)  -> (artifact id: 'd4f40f94b59140bb20f5ba2b8fd3c2b0') in 0.016889 seconds 
========================================================================
Received Import Request.
  Time since last request: 0.000020 seconds.
  path: Assets/WoodsLifestyle/Models/Props/Furniture/Stool_02.fbx
  artifactKey: Guid(87dbf080af6938547803df2fb5e61dfd) Importer(815301076,1909f56bfc062723c751e8b465ee728b)
Start importing Assets/WoodsLifestyle/Models/Props/Furniture/Stool_02.fbx using Guid(87dbf080af6938547803df2fb5e61dfd) Importer(815301076,1909f56bfc062723c751e8b465ee728b)  -> (artifact id: 'd1b07e58d12c19e580672917112243b3') in 0.017505 seconds 
========================================================================
Received Import Request.
  Time since last request: 0.000020 seconds.
  path: Assets/WoodsLifestyle/Models/Props/Furniture/Cabinet_01.fbx
  artifactKey: Guid(d5e5da9387766314d9bd43e7858aee61) Importer(815301076,1909f56bfc062723c751e8b465ee728b)
Start importing Assets/WoodsLifestyle/Models/Props/Furniture/Cabinet_01.fbx using Guid(d5e5da9387766314d9bd43e7858aee61) Importer(815301076,1909f56bfc062723c751e8b465ee728b)  -> (artifact id: 'b24da786ac2d7b7f54ad28e8b9fed7b9') in 0.023506 seconds 
========================================================================
Received Import Request.
  Time since last request: 0.000018 seconds.
  path: Assets/WoodsLifestyle/Models/Props/Furniture/KitchenTable_01.fbx
  artifactKey: Guid(5171f178c01c46f48a6da7a86867c4fe) Importer(815301076,1909f56bfc062723c751e8b465ee728b)
Start importing Assets/WoodsLifestyle/Models/Props/Furniture/KitchenTable_01.fbx using Guid(5171f178c01c46f48a6da7a86867c4fe) Importer(815301076,1909f56bfc062723c751e8b465ee728b)  -> (artifact id: '71dc1a4994e098dc5f7f5165d6df7830') in 0.020622 seconds 
========================================================================
Received Import Request.
  Time since last request: 0.000018 seconds.
  path: Assets/WoodsLifestyle/Models/Props/Furniture/Table_02_a.fbx
  artifactKey: Guid(ca6c955c64d2279498d5ded82c2ba259) Importer(815301076,1909f56bfc062723c751e8b465ee728b)
Start importing Assets/WoodsLifestyle/Models/Props/Furniture/Table_02_a.fbx using Guid(ca6c955c64d2279498d5ded82c2ba259) Importer(815301076,1909f56bfc062723c751e8b465ee728b)  -> (artifact id: 'a01cacd41c8eecbfb011930bc5f89953') in 0.020441 seconds 
========================================================================
Received Import Request.
  Time since last request: 0.000019 seconds.
  path: Assets/WoodsLifestyle/Models/Props/Furniture/Table_01_b.fbx
  artifactKey: Guid(11f54cf6386c0ab4cb11f9d2b484a8a1) Importer(815301076,1909f56bfc062723c751e8b465ee728b)
Start importing Assets/WoodsLifestyle/Models/Props/Furniture/Table_01_b.fbx using Guid(11f54cf6386c0ab4cb11f9d2b484a8a1) Importer(815301076,1909f56bfc062723c751e8b465ee728b)  -> (artifact id: '081e7d53417fe6f709969979531d08d2') in 0.019016 seconds 
========================================================================
Received Import Request.
  Time since last request: 4.005818 seconds.
  path: Assets/WoodsLifestyle/Models/Props/Exterior/Sign_01_a.fbx
  artifactKey: Guid(ba59d7be943af3c4da5d3f4c1ea6daa0) Importer(815301076,1909f56bfc062723c751e8b465ee728b)
Start importing Assets/WoodsLifestyle/Models/Props/Exterior/Sign_01_a.fbx using Guid(ba59d7be943af3c4da5d3f4c1ea6daa0) Importer(815301076,1909f56bfc062723c751e8b465ee728b)  -> (artifact id: '8a56bdbe17f5b27962a3be7b85f670c2') in 0.016382 seconds 
========================================================================
Received Import Request.
  Time since last request: 0.000018 seconds.
  path: Assets/WoodsLifestyle/Models/Props/Exterior/SignPost_02_b.fbx
  artifactKey: Guid(f11b361fcc4b45f499732c9b50426d90) Importer(815301076,1909f56bfc062723c751e8b465ee728b)
Start importing Assets/WoodsLifestyle/Models/Props/Exterior/SignPost_02_b.fbx using Guid(f11b361fcc4b45f499732c9b50426d90) Importer(815301076,1909f56bfc062723c751e8b465ee728b)  -> (artifact id: 'dd3333f0618d3850e2ccc31f82dfbfb4') in 0.021431 seconds 
========================================================================
Received Import Request.
  Time since last request: 0.000050 seconds.
  path: Assets/WoodsLifestyle/Models/Props/Exterior/Stand_02.fbx
  artifactKey: Guid(f85b1f220d4dcca48ae74f0bc979a23c) Importer(815301076,1909f56bfc062723c751e8b465ee728b)
Start importing Assets/WoodsLifestyle/Models/Props/Exterior/Stand_02.fbx using Guid(f85b1f220d4dcca48ae74f0bc979a23c) Importer(815301076,1909f56bfc062723c751e8b465ee728b)  -> (artifact id: '23c36dc3281967715d6e1f8621b1c66c') in 0.020064 seconds 
========================================================================
Received Import Request.
  Time since last request: 0.000028 seconds.
  path: Assets/WoodsLifestyle/Models/Props/Exterior/SignPost_02_a.fbx
  artifactKey: Guid(6f21fc9386970604d92c17ef749e685b) Importer(815301076,1909f56bfc062723c751e8b465ee728b)
Start importing Assets/WoodsLifestyle/Models/Props/Exterior/SignPost_02_a.fbx using Guid(6f21fc9386970604d92c17ef749e685b) Importer(815301076,1909f56bfc062723c751e8b465ee728b)  -> (artifact id: 'fbcebf8746f35a9d2d198537ecb34022') in 0.020705 seconds 
========================================================================
Received Import Request.
  Time since last request: 2.385693 seconds.
  path: Assets/WoodsLifestyle/Models/Props/General/Boiler_01.fbx
  artifactKey: Guid(5a168f658266e8b458394ef400fedb35) Importer(815301076,1909f56bfc062723c751e8b465ee728b)
Start importing Assets/WoodsLifestyle/Models/Props/General/Boiler_01.fbx using Guid(5a168f658266e8b458394ef400fedb35) Importer(815301076,1909f56bfc062723c751e8b465ee728b)  -> (artifact id: '432df394aa4e8d0fb9398f809591fb66') in 0.017458 seconds 
========================================================================
Received Import Request.
  Time since last request: 0.000017 seconds.
  path: Assets/WoodsLifestyle/Models/Props/General/BucketWater.fbx
  artifactKey: Guid(45db1777ed5336d4d9f7626eefeffcdf) Importer(815301076,1909f56bfc062723c751e8b465ee728b)
Start importing Assets/WoodsLifestyle/Models/Props/General/BucketWater.fbx using Guid(45db1777ed5336d4d9f7626eefeffcdf) Importer(815301076,1909f56bfc062723c751e8b465ee728b)  -> (artifact id: 'f778290decb77e5b07c1e83406c85347') in 0.019245 seconds 
========================================================================
Received Import Request.
  Time since last request: 0.000026 seconds.
  path: Assets/WoodsLifestyle/Models/Props/General/Box_01_b.fbx
  artifactKey: Guid(13716612f57c2554e852a72522eb5601) Importer(815301076,1909f56bfc062723c751e8b465ee728b)
Start importing Assets/WoodsLifestyle/Models/Props/General/Box_01_b.fbx using Guid(13716612f57c2554e852a72522eb5601) Importer(815301076,1909f56bfc062723c751e8b465ee728b)  -> (artifact id: '5264d9d341767218b8a10a695c473d22') in 0.021583 seconds 
========================================================================
Received Import Request.
  Time since last request: 6.718403 seconds.
  path: Assets/WoodsLifestyle/Models/Props/Water/Lifebuoy_01.fbx
  artifactKey: Guid(924741ea60bf01240a18f2fd42c8d465) Importer(815301076,1909f56bfc062723c751e8b465ee728b)
Start importing Assets/WoodsLifestyle/Models/Props/Water/Lifebuoy_01.fbx using Guid(924741ea60bf01240a18f2fd42c8d465) Importer(815301076,1909f56bfc062723c751e8b465ee728b)  -> (artifact id: '6379486b7b21faf24f183906962eff76') in 0.018636 seconds 
========================================================================
Received Import Request.
  Time since last request: 0.000022 seconds.
  path: Assets/WoodsLifestyle/Models/Props/Water/RowBoat_01_c.fbx
  artifactKey: Guid(1821591f14bb859438b6125443c97687) Importer(815301076,1909f56bfc062723c751e8b465ee728b)
Start importing Assets/WoodsLifestyle/Models/Props/Water/RowBoat_01_c.fbx using Guid(1821591f14bb859438b6125443c97687) Importer(815301076,1909f56bfc062723c751e8b465ee728b)  -> (artifact id: 'a076d3790fdfb299f91657663ddcae96') in 0.022955 seconds 
========================================================================
Received Import Request.
  Time since last request: 2.485420 seconds.
  path: Assets/WoodsLifestyle/Models/Props/Water/Jetty/JettiBoard_02_a.fbx
  artifactKey: Guid(33742488b9ffd3647979a6ff03e74dec) Importer(815301076,1909f56bfc062723c751e8b465ee728b)
Start importing Assets/WoodsLifestyle/Models/Props/Water/Jetty/JettiBoard_02_a.fbx using Guid(33742488b9ffd3647979a6ff03e74dec) Importer(815301076,1909f56bfc062723c751e8b465ee728b)  -> (artifact id: '3e0b9c751a6c663ae3b072fe910307ff') in 0.016734 seconds 
========================================================================
Received Import Request.
  Time since last request: 0.000020 seconds.
  path: Assets/WoodsLifestyle/Models/Props/Water/Jetty/JettiPosts_01.fbx
  artifactKey: Guid(a5eab68884d15064a95b192adab3420c) Importer(815301076,1909f56bfc062723c751e8b465ee728b)
Start importing Assets/WoodsLifestyle/Models/Props/Water/Jetty/JettiPosts_01.fbx using Guid(a5eab68884d15064a95b192adab3420c) Importer(815301076,1909f56bfc062723c751e8b465ee728b)  -> (artifact id: 'e35598741299385d1796e52ffe009026') in 0.018947 seconds 
========================================================================
Received Import Request.
  Time since last request: 0.000023 seconds.
  path: Assets/WoodsLifestyle/Models/Props/Water/Jetty/JettiBoard_04_a.fbx
  artifactKey: Guid(15f6cbdffee7b4645b29349424e010d8) Importer(815301076,1909f56bfc062723c751e8b465ee728b)
Start importing Assets/WoodsLifestyle/Models/Props/Water/Jetty/JettiBoard_04_a.fbx using Guid(15f6cbdffee7b4645b29349424e010d8) Importer(815301076,1909f56bfc062723c751e8b465ee728b)  -> (artifact id: '153afdedc7ad276eda1846d7e7a29ae3') in 0.019390 seconds 
========================================================================
Received Import Request.
  Time since last request: 9.883150 seconds.
  path: Assets/WoodsLifestyle/Models/Buildings/Bridge_02.fbx
  artifactKey: Guid(74c22cc3396c6c246abbeef5d6a6232d) Importer(815301076,1909f56bfc062723c751e8b465ee728b)
Start importing Assets/WoodsLifestyle/Models/Buildings/Bridge_02.fbx using Guid(74c22cc3396c6c246abbeef5d6a6232d) Importer(815301076,1909f56bfc062723c751e8b465ee728b)  -> (artifact id: 'ff38e7082a326f64b5072eff9de57dd8') in 0.018244 seconds 
========================================================================
Received Import Request.
  Time since last request: 0.000016 seconds.
  path: Assets/WoodsLifestyle/Models/Buildings/OutlookPost_01.fbx
  artifactKey: Guid(0b329f807539b8b49acd76266ae0b879) Importer(815301076,1909f56bfc062723c751e8b465ee728b)
Start importing Assets/WoodsLifestyle/Models/Buildings/OutlookPost_01.fbx using Guid(0b329f807539b8b49acd76266ae0b879) Importer(815301076,1909f56bfc062723c751e8b465ee728b)  -> (artifact id: '279111f8ed2aa7c78f5ebb43e2c0ec77') in 0.021010 seconds 
========================================================================
Received Import Request.
  Time since last request: 0.000018 seconds.
  path: Assets/WoodsLifestyle/Models/Buildings/Tent_01.fbx
  artifactKey: Guid(369f6e2183b722643a362091261e9359) Importer(815301076,1909f56bfc062723c751e8b465ee728b)
Start importing Assets/WoodsLifestyle/Models/Buildings/Tent_01.fbx using Guid(369f6e2183b722643a362091261e9359) Importer(815301076,1909f56bfc062723c751e8b465ee728b)  -> (artifact id: '78dc31a1db13848c72d186d92110c4df') in 0.018322 seconds 
========================================================================
Received Import Request.
  Time since last request: 161.524432 seconds.
  path: Assets/WoodsLifestyle/Models/Props/WaterTowers
  artifactKey: Guid(9a394d94e585a424781bb97cd5f79f31) Importer(815301076,1909f56bfc062723c751e8b465ee728b)
Start importing Assets/WoodsLifestyle/Models/Props/WaterTowers using Guid(9a394d94e585a424781bb97cd5f79f31) Importer(815301076,1909f56bfc062723c751e8b465ee728b)  -> (artifact id: '9df7ae370ea573e14df74bce652888a8') in 0.006509 seconds 
========================================================================
Received Import Request.
  Time since last request: 0.381576 seconds.
  path: Assets/WoodsLifestyle/Models/Props/WaterTowers/Tower_01.fbx
  artifactKey: Guid(afceab1db8256044b961e2acbedc9134) Importer(815301076,1909f56bfc062723c751e8b465ee728b)
Start importing Assets/WoodsLifestyle/Models/Props/WaterTowers/Tower_01.fbx using Guid(afceab1db8256044b961e2acbedc9134) Importer(815301076,1909f56bfc062723c751e8b465ee728b)  -> (artifact id: '1c1cc29194bc2de64b1b9c90ed159996') in 0.019735 seconds 
========================================================================
Received Import Request.
  Time since last request: 0.000019 seconds.
  path: Assets/WoodsLifestyle/Models/Props/WaterTowers/WaterTenkPlatform_02.fbx
  artifactKey: Guid(fd5b769644bb1eb4db131ca21c26dd29) Importer(815301076,1909f56bfc062723c751e8b465ee728b)
Start importing Assets/WoodsLifestyle/Models/Props/WaterTowers/WaterTenkPlatform_02.fbx using Guid(fd5b769644bb1eb4db131ca21c26dd29) Importer(815301076,1909f56bfc062723c751e8b465ee728b)  -> (artifact id: 'ecde2bbb8cd169d6ade14423fc4e6f10') in 0.019408 seconds 
========================================================================
Received Import Request.
  Time since last request: 0.000024 seconds.
  path: Assets/WoodsLifestyle/Models/Props/WaterTowers/Tower_03.fbx
  artifactKey: Guid(02b50f39fdf25b44face10426afe9a17) Importer(815301076,1909f56bfc062723c751e8b465ee728b)
Start importing Assets/WoodsLifestyle/Models/Props/WaterTowers/Tower_03.fbx using Guid(02b50f39fdf25b44face10426afe9a17) Importer(815301076,1909f56bfc062723c751e8b465ee728b)  -> (artifact id: '9e6215dbffb4af044712021d2c00bb9f') in 0.026946 seconds 
========================================================================
Received Import Request.
  Time since last request: 0.000019 seconds.
  path: Assets/WoodsLifestyle/Models/Props/WaterTowers/WaterTenk_03.fbx
  artifactKey: Guid(82dc0d50b12d2ca4fb9b6cfb711ee411) Importer(815301076,1909f56bfc062723c751e8b465ee728b)
Start importing Assets/WoodsLifestyle/Models/Props/WaterTowers/WaterTenk_03.fbx using Guid(82dc0d50b12d2ca4fb9b6cfb711ee411) Importer(815301076,1909f56bfc062723c751e8b465ee728b)  -> (artifact id: '105b37614850f2cfe7670ec21b2626d9') in 0.020104 seconds 
========================================================================
Received Import Request.
  Time since last request: 57.759679 seconds.
  path: Assets/WoodsLifestyle/Prefabs/Cabins/Cabin_02.prefab
  artifactKey: Guid(36ebaa25b1c08964b99fdbb5a236580b) Importer(815301076,1909f56bfc062723c751e8b465ee728b)
Start importing Assets/WoodsLifestyle/Prefabs/Cabins/Cabin_02.prefab using Guid(36ebaa25b1c08964b99fdbb5a236580b) Importer(815301076,1909f56bfc062723c751e8b465ee728b)  -> (artifact id: '3e89be4581579853b72670e32c136633') in 0.020510 seconds 
========================================================================
Received Import Request.
  Time since last request: 18.299490 seconds.
  path: Assets/WoodsLifestyle/Prefabs/Miscellaneous/CampFire_02.prefab
  artifactKey: Guid(43a5797f593865e43babe6221167d9e0) Importer(815301076,1909f56bfc062723c751e8b465ee728b)
Start importing Assets/WoodsLifestyle/Prefabs/Miscellaneous/CampFire_02.prefab using Guid(43a5797f593865e43babe6221167d9e0) Importer(815301076,1909f56bfc062723c751e8b465ee728b)  -> (artifact id: 'e028db6a150424a23be68161794ea321') in 0.014572 seconds 
========================================================================
Received Import Request.
  Time since last request: 0.000027 seconds.
  path: Assets/WoodsLifestyle/Prefabs/Miscellaneous/LogStand_02.prefab
  artifactKey: Guid(b69a22ef4ee880c49b88bf26529c0d19) Importer(815301076,1909f56bfc062723c751e8b465ee728b)
Start importing Assets/WoodsLifestyle/Prefabs/Miscellaneous/LogStand_02.prefab using Guid(b69a22ef4ee880c49b88bf26529c0d19) Importer(815301076,1909f56bfc062723c751e8b465ee728b)  -> (artifact id: 'e41af1ae52859488c76f1c743d85229f') in 0.015013 seconds 
========================================================================
Received Prepare
Registering precompiled user dll's ...
Registered in 0.003066 seconds.
Begin MonoManager ReloadAssembly
Native extension for WindowsStandalone target not found
Refreshing native plugins compatible for Editor in 0.71 ms, found 3 plugins.
Preloading 0 native plugins for Editor in 0.00 ms.
Mono: successfully reloaded assembly
- Completed reload, in  1.046 seconds
Domain Reload Profiling:
	ReloadAssembly (1047ms)
		BeginReloadAssembly (191ms)
			ExecutionOrderSort (0ms)
			DisableScriptedObjects (7ms)
			BackupInstance (0ms)
			ReleaseScriptingObjects (0ms)
			CreateAndSetChildDomain (57ms)
		EndReloadAssembly (749ms)
			LoadAssemblies (112ms)
			RebuildTransferFunctionScriptingTraits (0ms)
			SetupTypeCache (273ms)
			ReleaseScriptCaches (1ms)
			RebuildScriptCaches (52ms)
			SetupLoadedEditorAssemblies (289ms)
				LogAssemblyErrors (0ms)
				InitializePlatformSupportModulesInManaged (7ms)
				SetLoadedEditorAssemblies (1ms)
				RefreshPlugins (1ms)
				BeforeProcessingInitializeOnLoad (53ms)
				ProcessInitializeOnLoadAttributes (202ms)
				ProcessInitializeOnLoadMethodAttributes (23ms)
				AfterProcessingInitializeOnLoad (2ms)
				EditorAssembliesLoaded (0ms)
			ExecutionOrderSort2 (0ms)
			AwakeInstancesAfterBackupRestoration (8ms)
Platform modules already initialized, skipping
Refreshing native plugins compatible for Editor in 1.48 ms, found 3 plugins.
Preloading 0 native plugins for Editor in 0.00 ms.
Unloading 2933 Unused Serialized files (Serialized files now loaded: 0)
Unloading 16 unused Assets / (75.0 KB). Loaded Objects now: 3431.
Memory consumption went from 121.4 MB to 121.4 MB.
Total: 3.944400 ms (FindLiveObjects: 0.310400 ms CreateObjectMapping: 0.477400 ms MarkObjects: 3.048300 ms  DeleteObjects: 0.106800 ms)

AssetImportParameters requested are different than current active one (requested -> active):
  custom:video-decoder-ogg-theora: a1e56fd34408186e4bbccfd4996cb3dc -> 
  custom:container-muxer-webm: aa71ff27fc2769a1b78a27578f13a17b -> 
  custom:container-demuxer-webm: 4f35f7cbe854078d1ac9338744f61a02 -> 
  custom:video-encoder-webm-vp8: eb34c28f22e8b96e1ab97ce403110664 -> 
  custom:video-codec-MediaFoundation-h265: 746d11721c4dcdbdad8f713fa42b33f4 -> 
  custom:audio-encoder-webm-vorbis: bf7c407c2cedff20999df2af8eb42d56 -> 
  custom:framework-win-MediaFoundation: 216162199b28c13a410421893ffa2e32 -> 
  custom:container-demuxer-ogg: 62fdf1f143b41e24485cea50d1cbac27 -> 
  custom:video-decoder-webm-vp8: 9c59270c3fd7afecdb556c50c9e8de78 -> 
  custom:audio-decoder-ogg-vorbis: bf7c407c2cedff20999df2af8eb42d56 -> 
========================================================================
Received Import Request.
  Time since last request: 16792.026485 seconds.
  path: Assets/EmaceArt_LavaPlant/Prefabs
  artifactKey: Guid(8693f5d50be2ec74d92a371faf372947) Importer(815301076,1909f56bfc062723c751e8b465ee728b)
Start importing Assets/EmaceArt_LavaPlant/Prefabs using Guid(8693f5d50be2ec74d92a371faf372947) Importer(815301076,1909f56bfc062723c751e8b465ee728b)  -> (artifact id: '34d9636d24a56ca964412c081dc77f84') in 0.022431 seconds 
========================================================================
Received Import Request.
  Time since last request: 8.796777 seconds.
  path: Assets/EmaceArt_LavaPlant/PostProcessing
  artifactKey: Guid(52d266236c8659b4dbae9f636f6f7e77) Importer(815301076,1909f56bfc062723c751e8b465ee728b)
Start importing Assets/EmaceArt_LavaPlant/PostProcessing using Guid(52d266236c8659b4dbae9f636f6f7e77) Importer(815301076,1909f56bfc062723c751e8b465ee728b)  -> (artifact id: '7ca35b0487fc2b8eb279b968937c93c8') in 0.007455 seconds 
========================================================================
Received Import Request.
  Time since last request: 0.009362 seconds.
  path: Assets/EmaceArt_LavaPlant/PostProcessing/LavaPlant_PostPprocessProfile.asset
  artifactKey: Guid(81c673aa856745041b27a9548ec5c993) Importer(815301076,1909f56bfc062723c751e8b465ee728b)
Start importing Assets/EmaceArt_LavaPlant/PostProcessing/LavaPlant_PostPprocessProfile.asset using Guid(81c673aa856745041b27a9548ec5c993) Importer(815301076,1909f56bfc062723c751e8b465ee728b)  -> (artifact id: 'b351a9320ad3be6ab5b0d186ff406600') in 0.036142 seconds 
========================================================================
Received Import Request.
  Time since last request: 9.515480 seconds.
  path: Assets/EmaceArt/LowPolyNatureProject - EA04 Tiny Forest Remastered/Prefabs
  artifactKey: Guid(a236a7eb39c2b9f488b27d45109173ce) Importer(815301076,1909f56bfc062723c751e8b465ee728b)
Start importing Assets/EmaceArt/LowPolyNatureProject - EA04 Tiny Forest Remastered/Prefabs using Guid(a236a7eb39c2b9f488b27d45109173ce) Importer(815301076,1909f56bfc062723c751e8b465ee728b)  -> (artifact id: '411098ebf86f20ea713606ab195fbadb') in 0.002177 seconds 
========================================================================
Received Import Request.
  Time since last request: 0.925480 seconds.
  path: Assets/EmaceArt/LowPolyNatureProject - EA04 Tiny Forest Remastered/Prefabs/Rocks
  artifactKey: Guid(ab5d278ae70476d46b0d672f821d734d) Importer(815301076,1909f56bfc062723c751e8b465ee728b)
Start importing Assets/EmaceArt/LowPolyNatureProject - EA04 Tiny Forest Remastered/Prefabs/Rocks using Guid(ab5d278ae70476d46b0d672f821d734d) Importer(815301076,1909f56bfc062723c751e8b465ee728b)  -> (artifact id: '2784f7c3025a36fa54839064a9fd75e7') in 0.009718 seconds 
========================================================================
Received Import Request.
  Time since last request: 0.513915 seconds.
  path: Assets/EmaceArt/LowPolyNatureProject - EA04 Tiny Forest Remastered/Prefabs/Rocks/Snot
  artifactKey: Guid(aca9da8857b84c3449b821f1fb5fd4dc) Importer(815301076,1909f56bfc062723c751e8b465ee728b)
Start importing Assets/EmaceArt/LowPolyNatureProject - EA04 Tiny Forest Remastered/Prefabs/Rocks/Snot using Guid(aca9da8857b84c3449b821f1fb5fd4dc) Importer(815301076,1909f56bfc062723c751e8b465ee728b)  -> (artifact id: '6634d689934f1f88c25072497fd92522') in 0.009423 seconds 
========================================================================
Received Import Request.
  Time since last request: 0.618372 seconds.
  path: Assets/EmaceArt/LowPolyNatureProject - EA04 Tiny Forest Remastered/Prefabs/Rocks/Cuboids
  artifactKey: Guid(fca11ab75aea8a5438716092c36e986b) Importer(815301076,1909f56bfc062723c751e8b465ee728b)
Start importing Assets/EmaceArt/LowPolyNatureProject - EA04 Tiny Forest Remastered/Prefabs/Rocks/Cuboids using Guid(fca11ab75aea8a5438716092c36e986b) Importer(815301076,1909f56bfc062723c751e8b465ee728b)  -> (artifact id: '3612b9cbaa5acb8b72c7be2fffd20c69') in 0.010647 seconds 
========================================================================
Received Import Request.
  Time since last request: 0.031698 seconds.
  path: Assets/EmaceArt/LowPolyNatureProject - EA04 Tiny Forest Remastered/Prefabs/Rocks/Cuboids/EA04_Rocks_Cuboids_01b_PRE.prefab
  artifactKey: Guid(4053a340971b0f247ac61c261636bfa0) Importer(815301076,1909f56bfc062723c751e8b465ee728b)
Start importing Assets/EmaceArt/LowPolyNatureProject - EA04 Tiny Forest Remastered/Prefabs/Rocks/Cuboids/EA04_Rocks_Cuboids_01b_PRE.prefab using Guid(4053a340971b0f247ac61c261636bfa0) Importer(815301076,1909f56bfc062723c751e8b465ee728b)  -> (artifact id: '76ebf3f97a8e75d3c5b76cebe376127d') in 0.317839 seconds 
========================================================================
Received Import Request.
  Time since last request: 6.138696 seconds.
  path: Assets/EmaceArt/LowPolyNatureProject - EA04 Tiny Forest Remastered/Prefabs/Rocks/Snot/EA04_Rocks_Snot_01a_PRE.prefab
  artifactKey: Guid(915b8c7562723354184690b1602f17b3) Importer(815301076,1909f56bfc062723c751e8b465ee728b)
Start importing Assets/EmaceArt/LowPolyNatureProject - EA04 Tiny Forest Remastered/Prefabs/Rocks/Snot/EA04_Rocks_Snot_01a_PRE.prefab using Guid(915b8c7562723354184690b1602f17b3) Importer(815301076,1909f56bfc062723c751e8b465ee728b)  -> (artifact id: 'cb71b4c4ef9c32017e6d80b0db65dc7f') in 0.042625 seconds 
========================================================================
Received Import Request.
  Time since last request: 12.278518 seconds.
  path: Assets/EmaceArt/LowPolyNatureProject - EA04 Tiny Forest Remastered/Prefabs/Rocks/Stoolids
  artifactKey: Guid(10f239917ff7e394cb6ad77294a048cc) Importer(815301076,1909f56bfc062723c751e8b465ee728b)
Start importing Assets/EmaceArt/LowPolyNatureProject - EA04 Tiny Forest Remastered/Prefabs/Rocks/Stoolids using Guid(10f239917ff7e394cb6ad77294a048cc) Importer(815301076,1909f56bfc062723c751e8b465ee728b)  -> (artifact id: 'ca30d87db37065f918afcab14fe817eb') in 0.010516 seconds 
========================================================================
Received Import Request.
  Time since last request: 0.029100 seconds.
  path: Assets/EmaceArt/LowPolyNatureProject - EA04 Tiny Forest Remastered/Prefabs/Rocks/Stoolids/EA04_Rocks_Stoolids_01d_PRE.prefab
  artifactKey: Guid(9d82f3b2ca39dd343a8597cd28e9e60b) Importer(815301076,1909f56bfc062723c751e8b465ee728b)
Start importing Assets/EmaceArt/LowPolyNatureProject - EA04 Tiny Forest Remastered/Prefabs/Rocks/Stoolids/EA04_Rocks_Stoolids_01d_PRE.prefab using Guid(9d82f3b2ca39dd343a8597cd28e9e60b) Importer(815301076,1909f56bfc062723c751e8b465ee728b)  -> (artifact id: '59e0dcfc9fd0a2748d933aa70dd0b4db') in 0.147780 seconds 
========================================================================
Received Import Request.
  Time since last request: 442.051572 seconds.
  path: Assets/Krearthur
  artifactKey: Guid(f67f371e8ebda6546a37d3f04ab5f396) Importer(815301076,1909f56bfc062723c751e8b465ee728b)
Start importing Assets/Krearthur using Guid(f67f371e8ebda6546a37d3f04ab5f396) Importer(815301076,1909f56bfc062723c751e8b465ee728b)  -> (artifact id: '10f8c0e5296484fa4c62f2fe25ae13bd') in 0.011108 seconds 
========================================================================
Received Import Request.
  Time since last request: 31.471363 seconds.
  path: Assets/EmaceArt/LowPolyNatureProject - EA04 Tiny Forest Remastered/Prefabs/Grass
  artifactKey: Guid(8d9d8b5fcc8380346bae6db2bd676554) Importer(815301076,1909f56bfc062723c751e8b465ee728b)
Start importing Assets/EmaceArt/LowPolyNatureProject - EA04 Tiny Forest Remastered/Prefabs/Grass using Guid(8d9d8b5fcc8380346bae6db2bd676554) Importer(815301076,1909f56bfc062723c751e8b465ee728b)  -> (artifact id: '7e30eae33a62925baf88f4ff64a018b6') in 0.009845 seconds 
========================================================================
Received Import Request.
  Time since last request: 0.038752 seconds.
  path: Assets/EmaceArt/LowPolyNatureProject - EA04 Tiny Forest Remastered/Prefabs/Grass/EA04_Grass_Stick_01a_PRE.prefab
  artifactKey: Guid(2fbd48f0b26034a46afbbeae89243afa) Importer(815301076,1909f56bfc062723c751e8b465ee728b)
Start importing Assets/EmaceArt/LowPolyNatureProject - EA04 Tiny Forest Remastered/Prefabs/Grass/EA04_Grass_Stick_01a_PRE.prefab using Guid(2fbd48f0b26034a46afbbeae89243afa) Importer(815301076,1909f56bfc062723c751e8b465ee728b)  -> (artifact id: '1448b5d7fb14b816fbcaa7934329b2f9') in 0.146945 seconds 
========================================================================
Received Import Request.
  Time since last request: 4.529782 seconds.
  path: Assets/EmaceArt/LowPolyNatureProject - EA04 Tiny Forest Remastered/Prefabs/Trees
  artifactKey: Guid(3470a54e848567d40873a4e5ae4d28b0) Importer(815301076,1909f56bfc062723c751e8b465ee728b)
Start importing Assets/EmaceArt/LowPolyNatureProject - EA04 Tiny Forest Remastered/Prefabs/Trees using Guid(3470a54e848567d40873a4e5ae4d28b0) Importer(815301076,1909f56bfc062723c751e8b465ee728b)  -> (artifact id: '1a5083f0a3d04e952d7636d86a669ed8') in 0.010348 seconds 
========================================================================
Received Import Request.
  Time since last request: 1.505007 seconds.
  path: Assets/EmaceArt/LowPolyNatureProject - EA04 Tiny Forest Remastered/Prefabs/Trees/Stoolids
  artifactKey: Guid(24f95178aa8f20547ac2d44822534383) Importer(815301076,1909f56bfc062723c751e8b465ee728b)
Start importing Assets/EmaceArt/LowPolyNatureProject - EA04 Tiny Forest Remastered/Prefabs/Trees/Stoolids using Guid(24f95178aa8f20547ac2d44822534383) Importer(815301076,1909f56bfc062723c751e8b465ee728b)  -> (artifact id: '98d3d6b1ffce161fa72ae44ca6222096') in 0.002569 seconds 
========================================================================
Received Import Request.
  Time since last request: 0.070795 seconds.
  path: Assets/EmaceArt/LowPolyNatureProject - EA04 Tiny Forest Remastered/Prefabs/Trees/Stoolids/EA04_Trees_Stoolids_01b_PRE.prefab
  artifactKey: Guid(4306e73a228f6074291b6a24a117e522) Importer(815301076,1909f56bfc062723c751e8b465ee728b)
Start importing Assets/EmaceArt/LowPolyNatureProject - EA04 Tiny Forest Remastered/Prefabs/Trees/Stoolids/EA04_Trees_Stoolids_01b_PRE.prefab using Guid(4306e73a228f6074291b6a24a117e522) Importer(815301076,1909f56bfc062723c751e8b465ee728b)  -> (artifact id: '3da82797bdf000fe2455340225bf4a5c') in 0.147310 seconds 
========================================================================
Received Import Request.
  Time since last request: 564.275609 seconds.
  path: Assets/WoodsLifestyle/Models/Vegetation/Grass/Materials/Grass_Green_01.mat
  artifactKey: Guid(c77539db27398364284fe203dd45c014) Importer(815301076,1909f56bfc062723c751e8b465ee728b)
Start importing Assets/WoodsLifestyle/Models/Vegetation/Grass/Materials/Grass_Green_01.mat using Guid(c77539db27398364284fe203dd45c014) Importer(815301076,1909f56bfc062723c751e8b465ee728b)  -> (artifact id: 'f8d17e66189e44d7cac13562fb7171e2') in 0.558410 seconds 
========================================================================
Received Import Request.
  Time since last request: 0.000028 seconds.
  path: Assets/WoodsLifestyle/Models/Vegetation/Mushrooms/Materials/Head_Red_02.mat
  artifactKey: Guid(dbac7248acab8114281e011e3926170e) Importer(815301076,1909f56bfc062723c751e8b465ee728b)
Start importing Assets/WoodsLifestyle/Models/Vegetation/Mushrooms/Materials/Head_Red_02.mat using Guid(dbac7248acab8114281e011e3926170e) Importer(815301076,1909f56bfc062723c751e8b465ee728b)  -> (artifact id: '52f8449e2929b6d6415251eaab876290') in 0.062076 seconds 
========================================================================
Received Import Request.
  Time since last request: 0.000026 seconds.
  path: Assets/WoodsLifestyle/Models/Vegetation/Mushrooms/Materials/Head_Brown_02.mat
  artifactKey: Guid(81f02467aa83e2c44b06e317a154c442) Importer(815301076,1909f56bfc062723c751e8b465ee728b)
Start importing Assets/WoodsLifestyle/Models/Vegetation/Mushrooms/Materials/Head_Brown_02.mat using Guid(81f02467aa83e2c44b06e317a154c442) Importer(815301076,1909f56bfc062723c751e8b465ee728b)  -> (artifact id: '402bd08655752272812ce47720c30fb3') in 0.035283 seconds 
========================================================================
Received Import Request.
  Time since last request: 0.000032 seconds.
  path: Assets/WoodsLifestyle/Materials/GreyMat_01.mat
  artifactKey: Guid(ddb94a6f1ed6c8c49ab916a60ded9f0f) Importer(815301076,1909f56bfc062723c751e8b465ee728b)
Start importing Assets/WoodsLifestyle/Materials/GreyMat_01.mat using Guid(ddb94a6f1ed6c8c49ab916a60ded9f0f) Importer(815301076,1909f56bfc062723c751e8b465ee728b)  -> (artifact id: 'bc02911e6c8d50f246a30f480c27db59') in 0.024160 seconds 
========================================================================
Received Import Request.
  Time since last request: 0.000027 seconds.
  path: Assets/WoodsLifestyle/Models/Vegetation/Mushrooms/Materials/Head_Red_01.mat
  artifactKey: Guid(a490127cee2d3f24b8ed528f74316101) Importer(815301076,1909f56bfc062723c751e8b465ee728b)
Start importing Assets/WoodsLifestyle/Models/Vegetation/Mushrooms/Materials/Head_Red_01.mat using Guid(a490127cee2d3f24b8ed528f74316101) Importer(815301076,1909f56bfc062723c751e8b465ee728b)  -> (artifact id: '90c1fa0788d90f95cc39abcac9571700') in 0.029938 seconds 
========================================================================
Received Import Request.
  Time since last request: 0.000026 seconds.
  path: Assets/Low Poly Environment Starter Kit/Source/Material/Standard/Ground.mat
  artifactKey: Guid(8e85fad1e3c5ae8408a36a756fae14de) Importer(815301076,1909f56bfc062723c751e8b465ee728b)
Start importing Assets/Low Poly Environment Starter Kit/Source/Material/Standard/Ground.mat using Guid(8e85fad1e3c5ae8408a36a756fae14de) Importer(815301076,1909f56bfc062723c751e8b465ee728b)  -> (artifact id: '664accc0c112c586234ff52f6696bb91') in 0.108848 seconds 
========================================================================
Received Import Request.
  Time since last request: 0.000023 seconds.
  path: Assets/Low Poly Environment Starter Kit/Source/Material/HDRP/Ground.mat
  artifactKey: Guid(73a4275097adc11468b30c4a96cad693) Importer(815301076,1909f56bfc062723c751e8b465ee728b)
Start importing Assets/Low Poly Environment Starter Kit/Source/Material/HDRP/Ground.mat using Guid(73a4275097adc11468b30c4a96cad693) Importer(815301076,1909f56bfc062723c751e8b465ee728b)  -> (artifact id: '917fc97242b1a55aa0a3c9e0df3de5a2') in 0.029268 seconds 
========================================================================
Received Import Request.
  Time since last request: 0.935644 seconds.
  path: Assets/Krearthur/GOPainter/ExampleAssets/Materials/KameHouseMat.mat
  artifactKey: Guid(cf14afed5d502794b90b95244d750de9) Importer(815301076,1909f56bfc062723c751e8b465ee728b)
Start importing Assets/Krearthur/GOPainter/ExampleAssets/Materials/KameHouseMat.mat using Guid(cf14afed5d502794b90b95244d750de9) Importer(815301076,1909f56bfc062723c751e8b465ee728b)  -> (artifact id: 'ab2e09577ab2de9a2ba2d50c61ee2c8d') in 0.052505 seconds 
========================================================================
Received Import Request.
  Time since last request: 1.170653 seconds.
  path: Assets/WoodsLifestyle/Models/Vegetation/Plants/Materials/Leave_Green_01.mat
  artifactKey: Guid(178bcaf2a80c81545a4d5cd72ca99c96) Importer(815301076,1909f56bfc062723c751e8b465ee728b)
Start importing Assets/WoodsLifestyle/Models/Vegetation/Plants/Materials/Leave_Green_01.mat using Guid(178bcaf2a80c81545a4d5cd72ca99c96) Importer(815301076,1909f56bfc062723c751e8b465ee728b)  -> (artifact id: 'ee114facaf07a23a8522363f862394b8') in 0.122767 seconds 
========================================================================
Received Import Request.
  Time since last request: 1.219634 seconds.
  path: Assets/Low Poly Environment Starter Kit/Source/Material/Standard/Leaves 1.mat
  artifactKey: Guid(d6a4a4ab2012efa48972b622ae97cb60) Importer(815301076,1909f56bfc062723c751e8b465ee728b)
Start importing Assets/Low Poly Environment Starter Kit/Source/Material/Standard/Leaves 1.mat using Guid(d6a4a4ab2012efa48972b622ae97cb60) Importer(815301076,1909f56bfc062723c751e8b465ee728b)  -> (artifact id: '596c008677b78f900c67bd7c008b9cba') in 0.029637 seconds 
========================================================================
Received Import Request.
  Time since last request: 0.032542 seconds.
  path: Assets/Low Poly Environment Starter Kit/Source/Material/URP/Leaves 2.mat
  artifactKey: Guid(d47e95b0a681a8046b9ae47334846b53) Importer(815301076,1909f56bfc062723c751e8b465ee728b)
Start importing Assets/Low Poly Environment Starter Kit/Source/Material/URP/Leaves 2.mat using Guid(d47e95b0a681a8046b9ae47334846b53) Importer(815301076,1909f56bfc062723c751e8b465ee728b)  -> (artifact id: '9b9cb8fee0e4f419836b8016c301e36f') in 0.048812 seconds 
========================================================================
Received Import Request.
  Time since last request: 7.446353 seconds.
  path: Assets/Low Poly Environment Starter Kit/Source/Material/URP/Leaves 3.mat
  artifactKey: Guid(8459dda93f918784dbf091c320ca00d9) Importer(815301076,1909f56bfc062723c751e8b465ee728b)
Start importing Assets/Low Poly Environment Starter Kit/Source/Material/URP/Leaves 3.mat using Guid(8459dda93f918784dbf091c320ca00d9) Importer(815301076,1909f56bfc062723c751e8b465ee728b)  -> (artifact id: '7a45db057018ee42662c03066a1812ff') in 0.030760 seconds 
========================================================================
Received Import Request.
  Time since last request: 0.031871 seconds.
  path: Assets/Low Poly Environment Starter Kit/Source/Material/HDRP/Leaves 3.mat
  artifactKey: Guid(87125f9d77ed7de46b787a54e93086fc) Importer(815301076,1909f56bfc062723c751e8b465ee728b)
Start importing Assets/Low Poly Environment Starter Kit/Source/Material/HDRP/Leaves 3.mat using Guid(87125f9d77ed7de46b787a54e93086fc) Importer(815301076,1909f56bfc062723c751e8b465ee728b)  -> (artifact id: 'ea9c3a1e817c5f26fcd506bac991dc76') in 0.017786 seconds 
========================================================================
Received Import Request.
  Time since last request: 0.403689 seconds.
  path: Assets/WoodsLifestyle/Models/Vegetation/Flowers/Materials/Leaves_Orange_01.mat
  artifactKey: Guid(d5c9b739f947c034aa28c0d2a46591c1) Importer(815301076,1909f56bfc062723c751e8b465ee728b)
Start importing Assets/WoodsLifestyle/Models/Vegetation/Flowers/Materials/Leaves_Orange_01.mat using Guid(d5c9b739f947c034aa28c0d2a46591c1) Importer(815301076,1909f56bfc062723c751e8b465ee728b)  -> (artifact id: 'f67b112cea15d678f9121090d44cdb89') in 0.026747 seconds 
========================================================================
Received Import Request.
  Time since last request: 0.233042 seconds.
  path: Assets/EmaceArt/LowPolyNatureProject - EA04 Tiny Forest Remastered/Meshes/EA04_Trees_Cuboids_01a.fbx
  artifactKey: Guid(de57fe4cd55999a4db8eec68223ed5cb) Importer(815301076,1909f56bfc062723c751e8b465ee728b)
Start importing Assets/EmaceArt/LowPolyNatureProject - EA04 Tiny Forest Remastered/Meshes/EA04_Trees_Cuboids_01a.fbx using Guid(de57fe4cd55999a4db8eec68223ed5cb) Importer(815301076,1909f56bfc062723c751e8b465ee728b)  -> (artifact id: '95e957a52357467f7246c3ed9cfd5702') in 0.127680 seconds 
========================================================================
Received Import Request.
  Time since last request: 0.201359 seconds.
  path: Assets/EmaceArt/LowPolyNatureProject - EA04 Tiny Forest Remastered/Meshes/EA04_Rocks_Snot_01a.fbx
  artifactKey: Guid(6c30d7f7ef1430b4eaf0cbff5dd08a39) Importer(815301076,1909f56bfc062723c751e8b465ee728b)
Start importing Assets/EmaceArt/LowPolyNatureProject - EA04 Tiny Forest Remastered/Meshes/EA04_Rocks_Snot_01a.fbx using Guid(6c30d7f7ef1430b4eaf0cbff5dd08a39) Importer(815301076,1909f56bfc062723c751e8b465ee728b)  -> (artifact id: '7c74a2efc8252ebc927f9ab12bffa074') in 0.018043 seconds 
========================================================================
Received Import Request.
  Time since last request: 0.552061 seconds.
  path: Assets/EmaceArt/LowPolyNatureProject - EA04 Tiny Forest Remastered/Meshes/EA04_Rocks_Cuboids_01b.fbx
  artifactKey: Guid(e72e74f2622b9804ea31d89c41137321) Importer(815301076,1909f56bfc062723c751e8b465ee728b)
Start importing Assets/EmaceArt/LowPolyNatureProject - EA04 Tiny Forest Remastered/Meshes/EA04_Rocks_Cuboids_01b.fbx using Guid(e72e74f2622b9804ea31d89c41137321) Importer(815301076,1909f56bfc062723c751e8b465ee728b)  -> (artifact id: 'ed534050d457e93b3eec21bacd8a10c4') in 0.015997 seconds 
========================================================================
Received Import Request.
  Time since last request: 0.025134 seconds.
  path: Assets/EmaceArt/LowPolyNatureProject - EA04 Tiny Forest Remastered/Meshes/EA04_Grass_Stick_01a.fbx
  artifactKey: Guid(169b507305ea88a46892f3d3b80c004a) Importer(815301076,1909f56bfc062723c751e8b465ee728b)
Start importing Assets/EmaceArt/LowPolyNatureProject - EA04 Tiny Forest Remastered/Meshes/EA04_Grass_Stick_01a.fbx using Guid(169b507305ea88a46892f3d3b80c004a) Importer(815301076,1909f56bfc062723c751e8b465ee728b)  -> (artifact id: '664603a070863861094076e3aa08497b') in 0.035660 seconds 
========================================================================
Received Import Request.
  Time since last request: 0.029028 seconds.
  path: Assets/Low Poly Environment Starter Kit/Source/Meshes/Rocks/Stone_6.fbx
  artifactKey: Guid(ca5622370405d8e46a11ac7aaab5a386) Importer(815301076,1909f56bfc062723c751e8b465ee728b)
Start importing Assets/Low Poly Environment Starter Kit/Source/Meshes/Rocks/Stone_6.fbx using Guid(ca5622370405d8e46a11ac7aaab5a386) Importer(815301076,1909f56bfc062723c751e8b465ee728b)  -> (artifact id: 'cf42dfed12c346f5384b5f757b83df7d') in 0.245716 seconds 
========================================================================
Received Import Request.
  Time since last request: 1.016802 seconds.
  path: Assets/WoodsLifestyle/Models/Vegetation/Grass/Materials/Grass_Brown_01.mat
  artifactKey: Guid(534a3a68f56993a4e99ec2c9e7f02514) Importer(815301076,1909f56bfc062723c751e8b465ee728b)
Start importing Assets/WoodsLifestyle/Models/Vegetation/Grass/Materials/Grass_Brown_01.mat using Guid(534a3a68f56993a4e99ec2c9e7f02514) Importer(815301076,1909f56bfc062723c751e8b465ee728b)  -> (artifact id: '9b43c74bc8f4058c2676de8a00fa3169') in 0.108137 seconds 
========================================================================
Received Import Request.
  Time since last request: 0.000018 seconds.
  path: Assets/Krearthur/GOPainter/ExampleAssets/Materials/FlowerBMat.mat
  artifactKey: Guid(760c8a2a87f4de14f8d95a3fb9d86985) Importer(815301076,1909f56bfc062723c751e8b465ee728b)
Start importing Assets/Krearthur/GOPainter/ExampleAssets/Materials/FlowerBMat.mat using Guid(760c8a2a87f4de14f8d95a3fb9d86985) Importer(815301076,1909f56bfc062723c751e8b465ee728b)  -> (artifact id: 'd3cfcb6a626ab31c7b378521155c2ab0') in 0.012319 seconds 
========================================================================
Received Import Request.
  Time since last request: 0.000023 seconds.
  path: Assets/Krearthur/GOPainter/ExampleAssets/Materials/FlowerAMat.mat
  artifactKey: Guid(4b5029ef9a680804792cde187490a387) Importer(815301076,1909f56bfc062723c751e8b465ee728b)
Start importing Assets/Krearthur/GOPainter/ExampleAssets/Materials/FlowerAMat.mat using Guid(4b5029ef9a680804792cde187490a387) Importer(815301076,1909f56bfc062723c751e8b465ee728b)  -> (artifact id: 'c6df284a8d0e653d4549397040e56ea2') in 0.014626 seconds 
========================================================================
Received Import Request.
  Time since last request: 0.000017 seconds.
  path: Assets/Krearthur/GOPainter/ExampleAssets/Materials/FungiMat.mat
  artifactKey: Guid(af343f3ab80b8ce4cacfb04cc9fc433b) Importer(815301076,1909f56bfc062723c751e8b465ee728b)
Start importing Assets/Krearthur/GOPainter/ExampleAssets/Materials/FungiMat.mat using Guid(af343f3ab80b8ce4cacfb04cc9fc433b) Importer(815301076,1909f56bfc062723c751e8b465ee728b)  -> (artifact id: '81b968505e339495c83234e9eb2fd6c4') in 0.019886 seconds 
========================================================================
Received Import Request.
  Time since last request: 0.072358 seconds.
  path: Assets/EmaceArt_LavaPlant/Material/EA_Main.mat
  artifactKey: Guid(206182d338e90fb47af42c620ec448c1) Importer(815301076,1909f56bfc062723c751e8b465ee728b)
Start importing Assets/EmaceArt_LavaPlant/Material/EA_Main.mat using Guid(206182d338e90fb47af42c620ec448c1) Importer(815301076,1909f56bfc062723c751e8b465ee728b)  -> (artifact id: 'b94f3b234480c423081d45fbea171d63') in 0.011506 seconds 
========================================================================
Received Import Request.
  Time since last request: 0.026477 seconds.
  path: Assets/EmaceArt_LavaPlant/Material/EA_Lava_Fluor.mat
  artifactKey: Guid(ddc2ce2ca191105459cf7f25cabdd94c) Importer(815301076,1909f56bfc062723c751e8b465ee728b)
Start importing Assets/EmaceArt_LavaPlant/Material/EA_Lava_Fluor.mat using Guid(ddc2ce2ca191105459cf7f25cabdd94c) Importer(815301076,1909f56bfc062723c751e8b465ee728b)  -> (artifact id: '3ffbca36201ccd9138d643afde82c7a1') in 0.051069 seconds 
========================================================================
Received Import Request.
  Time since last request: 0.024873 seconds.
  path: Assets/Low Poly Environment Starter Kit/Source/Material/HDRP/Bush.mat
  artifactKey: Guid(26e0b4c2644d4ba45bf57a2638224795) Importer(815301076,1909f56bfc062723c751e8b465ee728b)
Start importing Assets/Low Poly Environment Starter Kit/Source/Material/HDRP/Bush.mat using Guid(26e0b4c2644d4ba45bf57a2638224795) Importer(815301076,1909f56bfc062723c751e8b465ee728b)  -> (artifact id: 'd6e4f159c2817b19637e7a190a833bcc') in 0.019658 seconds 
========================================================================
Received Import Request.
  Time since last request: 0.994333 seconds.
  path: Assets/WoodsLifestyle/Materials/BrownMat_13.mat
  artifactKey: Guid(4cd8ab8d6d66754428b775d16ebe464e) Importer(815301076,1909f56bfc062723c751e8b465ee728b)
Start importing Assets/WoodsLifestyle/Materials/BrownMat_13.mat using Guid(4cd8ab8d6d66754428b775d16ebe464e) Importer(815301076,1909f56bfc062723c751e8b465ee728b)  -> (artifact id: '30c6e196f3bfe5c408cd9fb4eb18a139') in 0.135856 seconds 
========================================================================
Received Import Request.
  Time since last request: 0.469777 seconds.
  path: Assets/WoodsLifestyle/Materials/BrownMat_09.mat
  artifactKey: Guid(5e712661277547e4eb21eddedd5552c1) Importer(815301076,1909f56bfc062723c751e8b465ee728b)
Start importing Assets/WoodsLifestyle/Materials/BrownMat_09.mat using Guid(5e712661277547e4eb21eddedd5552c1) Importer(815301076,1909f56bfc062723c751e8b465ee728b)  -> (artifact id: '944cb53084f7cf1ac317d961726c9e5b') in 0.026574 seconds 
========================================================================
Received Import Request.
  Time since last request: 0.361287 seconds.
  path: Assets/WoodsLifestyle/Materials/BrownMat_07.mat
  artifactKey: Guid(b4322ceb7cc18cb4794814b2a5b3df1f) Importer(815301076,1909f56bfc062723c751e8b465ee728b)
Start importing Assets/WoodsLifestyle/Materials/BrownMat_07.mat using Guid(b4322ceb7cc18cb4794814b2a5b3df1f) Importer(815301076,1909f56bfc062723c751e8b465ee728b)  -> (artifact id: '911709025d3cf171e05b84f9dea8c951') in 0.199879 seconds 
========================================================================
Received Import Request.
  Time since last request: 0.193779 seconds.
  path: Assets/WoodsLifestyle/Materials/BrownMat_05.mat
  artifactKey: Guid(c5f61a88064ed1245afe16e7df6261c5) Importer(815301076,1909f56bfc062723c751e8b465ee728b)
Start importing Assets/WoodsLifestyle/Materials/BrownMat_05.mat using Guid(c5f61a88064ed1245afe16e7df6261c5) Importer(815301076,1909f56bfc062723c751e8b465ee728b)  -> (artifact id: '9baa28be1f9bfcc86a7dd50166111abb') in 0.010625 seconds 
========================================================================
Received Import Request.
  Time since last request: 0.446969 seconds.
  path: Assets/WoodsLifestyle/Materials/BrownMat_03.mat
  artifactKey: Guid(777f3d28852f1aa4fb5a6cd601276e21) Importer(815301076,1909f56bfc062723c751e8b465ee728b)
Start importing Assets/WoodsLifestyle/Materials/BrownMat_03.mat using Guid(777f3d28852f1aa4fb5a6cd601276e21) Importer(815301076,1909f56bfc062723c751e8b465ee728b)  -> (artifact id: 'f52dd415ae646d14d55005502ae2ffcf') in 0.036276 seconds 
========================================================================
Received Import Request.
  Time since last request: 0.030753 seconds.
  path: Assets/WoodsLifestyle/Materials/BrownMat_01.mat
  artifactKey: Guid(90446b9d6a9fbb542aad26112d77cdfd) Importer(815301076,1909f56bfc062723c751e8b465ee728b)
Start importing Assets/WoodsLifestyle/Materials/BrownMat_01.mat using Guid(90446b9d6a9fbb542aad26112d77cdfd) Importer(815301076,1909f56bfc062723c751e8b465ee728b)  -> (artifact id: '9d381d5e53cac615c62149ac52b902e1') in 0.015406 seconds 
========================================================================
Received Import Request.
  Time since last request: 0.766177 seconds.
  path: Assets/Low Poly Environment Starter Kit/Source/Material/URP/Bark.mat
  artifactKey: Guid(df6ee7873f6a70148849853cdf894ac0) Importer(815301076,1909f56bfc062723c751e8b465ee728b)
Start importing Assets/Low Poly Environment Starter Kit/Source/Material/URP/Bark.mat using Guid(df6ee7873f6a70148849853cdf894ac0) Importer(815301076,1909f56bfc062723c751e8b465ee728b)  -> (artifact id: '1f37ac745cd6501c4a706a54d2065943') in 0.056520 seconds 
========================================================================
Received Import Request.
  Time since last request: 1.962291 seconds.
  path: Assets/Low Poly Environment Starter Kit/Source/Meshes/Rocks/Stone_9.fbx
  artifactKey: Guid(35761d18a3ba90e4384f589be9d6f693) Importer(815301076,1909f56bfc062723c751e8b465ee728b)
Start importing Assets/Low Poly Environment Starter Kit/Source/Meshes/Rocks/Stone_9.fbx using Guid(35761d18a3ba90e4384f589be9d6f693) Importer(815301076,1909f56bfc062723c751e8b465ee728b)  -> (artifact id: 'ee4d380b6134eaeb09503c4bddb77fba') in 0.109387 seconds 
========================================================================
Received Import Request.
  Time since last request: 0.000018 seconds.
  path: Assets/EmaceArt_LavaPlant/Meshes/EA_Clif_01d.fbx
  artifactKey: Guid(12c4255785e41df419d9053801061cb8) Importer(815301076,1909f56bfc062723c751e8b465ee728b)
Start importing Assets/EmaceArt_LavaPlant/Meshes/EA_Clif_01d.fbx using Guid(12c4255785e41df419d9053801061cb8) Importer(815301076,1909f56bfc062723c751e8b465ee728b)  -> (artifact id: 'd79d26c8d19cf390e6c2d26ee4d5e36c') in 0.032661 seconds 
========================================================================
Received Import Request.
  Time since last request: 0.000066 seconds.
  path: Assets/Low Poly Environment Starter Kit/Source/Meshes/Rocks/Rock_Pile_3.fbx
  artifactKey: Guid(b7732aaaaf823fd49a81e7543f80f01d) Importer(815301076,1909f56bfc062723c751e8b465ee728b)
Start importing Assets/Low Poly Environment Starter Kit/Source/Meshes/Rocks/Rock_Pile_3.fbx using Guid(b7732aaaaf823fd49a81e7543f80f01d) Importer(815301076,1909f56bfc062723c751e8b465ee728b)  -> (artifact id: '47fe037296b9a397c822351db38a17cb') in 0.099620 seconds 
========================================================================
Received Import Request.
  Time since last request: 0.000023 seconds.
  path: Assets/Low Poly Environment Starter Kit/Source/Meshes/Rocks/Stone_7.fbx
  artifactKey: Guid(f7f18dab1b893b34195121f0e7421bee) Importer(815301076,1909f56bfc062723c751e8b465ee728b)
Start importing Assets/Low Poly Environment Starter Kit/Source/Meshes/Rocks/Stone_7.fbx using Guid(f7f18dab1b893b34195121f0e7421bee) Importer(815301076,1909f56bfc062723c751e8b465ee728b)  -> (artifact id: 'db02da679649e5954c3823effe2369a8') in 0.032425 seconds 
========================================================================
Received Import Request.
  Time since last request: 0.032138 seconds.
  path: Assets/EmaceArt_LavaPlant/Meshes/EA_Plant_01e.fbx
  artifactKey: Guid(3a8e1caeca5040147a1bf0356632d82d) Importer(815301076,1909f56bfc062723c751e8b465ee728b)
Start importing Assets/EmaceArt_LavaPlant/Meshes/EA_Plant_01e.fbx using Guid(3a8e1caeca5040147a1bf0356632d82d) Importer(815301076,1909f56bfc062723c751e8b465ee728b)  -> (artifact id: '5f739c969086c7567853e4045d131969') in 0.033792 seconds 
========================================================================
Received Import Request.
  Time since last request: 0.000040 seconds.
  path: Assets/EmaceArt_LavaPlant/Meshes/EA_Fruit_01b.fbx
  artifactKey: Guid(e095e57bf6dd14e49be2112e23c5b791) Importer(815301076,1909f56bfc062723c751e8b465ee728b)
Start importing Assets/EmaceArt_LavaPlant/Meshes/EA_Fruit_01b.fbx using Guid(e095e57bf6dd14e49be2112e23c5b791) Importer(815301076,1909f56bfc062723c751e8b465ee728b)  -> (artifact id: 'b155924bf80d1f13b195c01afbc778d6') in 0.027687 seconds 
========================================================================
Received Import Request.
  Time since last request: 0.000028 seconds.
  path: Assets/EmaceArt_LavaPlant/Meshes/EA_Clif_01c.fbx
  artifactKey: Guid(c97fe58f64015a4419356d82019eb336) Importer(815301076,1909f56bfc062723c751e8b465ee728b)
Start importing Assets/EmaceArt_LavaPlant/Meshes/EA_Clif_01c.fbx using Guid(c97fe58f64015a4419356d82019eb336) Importer(815301076,1909f56bfc062723c751e8b465ee728b)  -> (artifact id: '014f4c8c0916dc7bfa710fbcabcc5bab') in 0.027209 seconds 
========================================================================
Received Import Request.
  Time since last request: 0.000045 seconds.
  path: Assets/EmaceArt_LavaPlant/Meshes/Rocks_01a.fbx
  artifactKey: Guid(58560f56c694fde478ac5ff42c1d4dfe) Importer(815301076,1909f56bfc062723c751e8b465ee728b)
Start importing Assets/EmaceArt_LavaPlant/Meshes/Rocks_01a.fbx using Guid(58560f56c694fde478ac5ff42c1d4dfe) Importer(815301076,1909f56bfc062723c751e8b465ee728b)  -> (artifact id: '3a0c59fc96eff6a96765f681e3edd1d7') in 0.032050 seconds 
========================================================================
Received Import Request.
  Time since last request: 0.270602 seconds.
  path: Assets/EmaceArt_LavaPlant/Meshes/EA_Plant_01c.fbx
  artifactKey: Guid(64eead7f0ab7dc141bea9578a4156bc8) Importer(815301076,1909f56bfc062723c751e8b465ee728b)
Start importing Assets/EmaceArt_LavaPlant/Meshes/EA_Plant_01c.fbx using Guid(64eead7f0ab7dc141bea9578a4156bc8) Importer(815301076,1909f56bfc062723c751e8b465ee728b)  -> (artifact id: 'd9b6837983184e811b454325599229ea') in 0.073105 seconds 
========================================================================
Received Import Request.
  Time since last request: 0.247524 seconds.
  path: Assets/EmaceArt_LavaPlant/Meshes/EA_Plant_01b.fbx
  artifactKey: Guid(f31cbe69df46fe4479954bfa8907357c) Importer(815301076,1909f56bfc062723c751e8b465ee728b)
Start importing Assets/EmaceArt_LavaPlant/Meshes/EA_Plant_01b.fbx using Guid(f31cbe69df46fe4479954bfa8907357c) Importer(815301076,1909f56bfc062723c751e8b465ee728b)  -> (artifact id: '5bda9e357853105a2274828f042b7d64') in 0.219752 seconds 
========================================================================
Received Import Request.
  Time since last request: 0.000021 seconds.
  path: Assets/Low Poly Environment Starter Kit/Source/Meshes/Rocks/Rock_Arc.fbx
  artifactKey: Guid(0da8f8778a88d1f4fa0d1af91c73c874) Importer(815301076,1909f56bfc062723c751e8b465ee728b)
Start importing Assets/Low Poly Environment Starter Kit/Source/Meshes/Rocks/Rock_Arc.fbx using Guid(0da8f8778a88d1f4fa0d1af91c73c874) Importer(815301076,1909f56bfc062723c751e8b465ee728b)  -> (artifact id: 'e2ed5090d61110efede58c4b930c18f9') in 0.055243 seconds 
========================================================================
Received Import Request.
  Time since last request: 0.058833 seconds.
  path: Assets/Krearthur/GOPainter/ExampleAssets/Materials/PalmMat.mat
  artifactKey: Guid(ddd59704bf4d03b4da625d77f1608c0e) Importer(815301076,1909f56bfc062723c751e8b465ee728b)
Start importing Assets/Krearthur/GOPainter/ExampleAssets/Materials/PalmMat.mat using Guid(ddd59704bf4d03b4da625d77f1608c0e) Importer(815301076,1909f56bfc062723c751e8b465ee728b)  -> (artifact id: '6115a46e87add627e311f25a733e1904') in 0.014583 seconds 
========================================================================
Received Import Request.
  Time since last request: 0.027653 seconds.
  path: Assets/Low Poly Environment Starter Kit/Source/Material/URP/Pine Bark.mat
  artifactKey: Guid(a540e46d3bde6a0458be56b4bbba20c1) Importer(815301076,1909f56bfc062723c751e8b465ee728b)
Start importing Assets/Low Poly Environment Starter Kit/Source/Material/URP/Pine Bark.mat using Guid(a540e46d3bde6a0458be56b4bbba20c1) Importer(815301076,1909f56bfc062723c751e8b465ee728b)  -> (artifact id: 'd5e1d441a6b1f531ebed686cdabb0ef4') in 0.163843 seconds 
========================================================================
Received Import Request.
  Time since last request: 0.000036 seconds.
  path: Assets/EmaceArt_LavaPlant/Skybox/SkyBox/Sky.mat
  artifactKey: Guid(5072c671f5d9f4003a83241b424bb0f0) Importer(815301076,1909f56bfc062723c751e8b465ee728b)
Start importing Assets/EmaceArt_LavaPlant/Skybox/SkyBox/Sky.mat using Guid(5072c671f5d9f4003a83241b424bb0f0) Importer(815301076,1909f56bfc062723c751e8b465ee728b)  -> (artifact id: '897017e49e5bcda10b7f69e6fae98a10') in 0.857923 seconds 
