Using pre-set license
Built from '2021.3/staging' branch; Version is '2021.3.26f1 (a16dc32e0ff2) revision 10579395'; Using compiler version '192829333'; Build Type 'Release'
OS: 'Windows 11  (10.0.22621) 64bit Professional' Language: 'ru' Physical Memory: 16200 MB
BatchMode: 1, IsHumanControllingUs: 0, StartBugReporterOnCrash: 0, Is64bit: 1, IsPro: 1

COMMAND LINE ARGUMENTS:
D:\downloads\Editor\Unity.exe
-adb2
-batchMode
-noUpm
-name
AssetImportWorker3
-projectPath
D:/project/TestUnity/New Unity Project
-logFile
Logs/AssetImportWorker3.log
-srvPort
52115
Successfully changed project path to: D:/project/TestUnity/New Unity Project
D:/project/TestUnity/New Unity Project
[UnityMemory] Configuration Parameters - Can be set up in boot.config
    "memorysetup-bucket-allocator-granularity=16"
    "memorysetup-bucket-allocator-bucket-count=8"
    "memorysetup-bucket-allocator-block-size=33554432"
    "memorysetup-bucket-allocator-block-count=8"
    "memorysetup-main-allocator-block-size=16777216"
    "memorysetup-thread-allocator-block-size=16777216"
    "memorysetup-gfx-main-allocator-block-size=16777216"
    "memorysetup-gfx-thread-allocator-block-size=16777216"
    "memorysetup-cache-allocator-block-size=4194304"
    "memorysetup-typetree-allocator-block-size=2097152"
    "memorysetup-profiler-bucket-allocator-granularity=16"
    "memorysetup-profiler-bucket-allocator-bucket-count=8"
    "memorysetup-profiler-bucket-allocator-block-size=33554432"
    "memorysetup-profiler-bucket-allocator-block-count=8"
    "memorysetup-profiler-allocator-block-size=16777216"
    "memorysetup-profiler-editor-allocator-block-size=1048576"
    "memorysetup-temp-allocator-size-main=16777216"
    "memorysetup-job-temp-allocator-block-size=2097152"
    "memorysetup-job-temp-allocator-block-size-background=1048576"
    "memorysetup-job-temp-allocator-reduction-small-platforms=262144"
    "memorysetup-temp-allocator-size-background-worker=32768"
    "memorysetup-temp-allocator-size-job-worker=262144"
    "memorysetup-temp-allocator-size-preload-manager=33554432"
    "memorysetup-temp-allocator-size-nav-mesh-worker=65536"
    "memorysetup-temp-allocator-size-audio-worker=65536"
    "memorysetup-temp-allocator-size-cloud-worker=32768"
    "memorysetup-temp-allocator-size-gi-baking-worker=262144"
    "memorysetup-temp-allocator-size-gfx=262144"
Player connection [18888] Host "[IP] 192.168.2.69 [Port] 0 [Flags] 2 [Guid] 1123602004 [EditorId] 1123602004 [Version] 1048832 [Id] WindowsEditor(7,Elena) [Debug] 1 [PackageName] WindowsEditor [ProjectName] Editor" joined multi-casting on [225.0.0.222:54997]...

Player connection [18888] Host "[IP] 192.168.2.69 [Port] 0 [Flags] 2 [Guid] 1123602004 [EditorId] 1123602004 [Version] 1048832 [Id] WindowsEditor(7,Elena) [Debug] 1 [PackageName] WindowsEditor [ProjectName] Editor" joined alternative multi-casting on [225.0.0.222:34997]...

Refreshing native plugins compatible for Editor in 60.90 ms, found 3 plugins.
Preloading 0 native plugins for Editor in 0.00 ms.
Initialize engine version: 2021.3.26f1 (a16dc32e0ff2)
[Subsystems] Discovering subsystems at path D:/downloads/Editor/Data/Resources/UnitySubsystems
[Subsystems] Discovering subsystems at path D:/project/TestUnity/New Unity Project/Assets
GfxDevice: creating device client; threaded=0; jobified=0
Direct3D:
    Version:  Direct3D 11.0 [level 11.1]
    Renderer: NVIDIA GeForce GTX 1660 Ti (ID=0x2191)
    Vendor:   NVIDIA
    VRAM:     5991 MB
    Driver:   26.21.14.4223
Initialize mono
Mono path[0] = 'D:/downloads/Editor/Data/Managed'
Mono path[1] = 'D:/downloads/Editor/Data/MonoBleedingEdge/lib/mono/unityjit-win32'
Mono config path = 'D:/downloads/Editor/Data/MonoBleedingEdge/etc'
Using monoOptions --debugger-agent=transport=dt_socket,embedding=1,server=y,suspend=n,address=127.0.0.1:56392
Begin MonoManager ReloadAssembly
Registering precompiled unity dll's ...
Register platform support module: D:/downloads/Editor/Data/PlaybackEngines/WindowsStandaloneSupport/UnityEditor.WindowsStandalone.Extensions.dll
Registered in 0.001395 seconds.
Native extension for WindowsStandalone target not found
Refreshing native plugins compatible for Editor in 60.31 ms, found 3 plugins.
Preloading 0 native plugins for Editor in 0.00 ms.
Mono: successfully reloaded assembly
- Completed reload, in  0.519 seconds
Domain Reload Profiling:
	ReloadAssembly (520ms)
		BeginReloadAssembly (66ms)
			ExecutionOrderSort (0ms)
			DisableScriptedObjects (0ms)
			BackupInstance (0ms)
			ReleaseScriptingObjects (0ms)
			CreateAndSetChildDomain (1ms)
		EndReloadAssembly (372ms)
			LoadAssemblies (66ms)
			RebuildTransferFunctionScriptingTraits (0ms)
			SetupTypeCache (97ms)
			ReleaseScriptCaches (0ms)
			RebuildScriptCaches (25ms)
			SetupLoadedEditorAssemblies (209ms)
				LogAssemblyErrors (0ms)
				InitializePlatformSupportModulesInManaged (5ms)
				SetLoadedEditorAssemblies (0ms)
				RefreshPlugins (60ms)
				BeforeProcessingInitializeOnLoad (1ms)
				ProcessInitializeOnLoadAttributes (104ms)
				ProcessInitializeOnLoadMethodAttributes (38ms)
				AfterProcessingInitializeOnLoad (0ms)
				EditorAssembliesLoaded (0ms)
			ExecutionOrderSort2 (0ms)
			AwakeInstancesAfterBackupRestoration (0ms)
Platform modules already initialized, skipping
Registering precompiled user dll's ...
Registered in 0.002198 seconds.
Begin MonoManager ReloadAssembly
Native extension for WindowsStandalone target not found
Refreshing native plugins compatible for Editor in 0.45 ms, found 3 plugins.
Preloading 0 native plugins for Editor in 0.00 ms.
Mono: successfully reloaded assembly
- Completed reload, in  0.762 seconds
Domain Reload Profiling:
	ReloadAssembly (763ms)
		BeginReloadAssembly (93ms)
			ExecutionOrderSort (0ms)
			DisableScriptedObjects (5ms)
			BackupInstance (0ms)
			ReleaseScriptingObjects (0ms)
			CreateAndSetChildDomain (16ms)
		EndReloadAssembly (581ms)
			LoadAssemblies (60ms)
			RebuildTransferFunctionScriptingTraits (0ms)
			SetupTypeCache (184ms)
			ReleaseScriptCaches (0ms)
			RebuildScriptCaches (42ms)
			SetupLoadedEditorAssemblies (266ms)
				LogAssemblyErrors (0ms)
				InitializePlatformSupportModulesInManaged (3ms)
				SetLoadedEditorAssemblies (0ms)
				RefreshPlugins (0ms)
				BeforeProcessingInitializeOnLoad (55ms)
				ProcessInitializeOnLoadAttributes (187ms)
				ProcessInitializeOnLoadMethodAttributes (18ms)
				AfterProcessingInitializeOnLoad (2ms)
				EditorAssembliesLoaded (0ms)
			ExecutionOrderSort2 (0ms)
			AwakeInstancesAfterBackupRestoration (5ms)
Platform modules already initialized, skipping
========================================================================
Worker process is ready to serve import requests
Launched and connected shader compiler UnityShaderCompiler.exe after 0.06 seconds
Refreshing native plugins compatible for Editor in 0.82 ms, found 3 plugins.
Preloading 0 native plugins for Editor in 0.00 ms.
Unloading 2918 Unused Serialized files (Serialized files now loaded: 0)
Unloading 21 unused Assets / (56.3 KB). Loaded Objects now: 3398.
Memory consumption went from 116.0 MB to 115.9 MB.
Total: 3.764500 ms (FindLiveObjects: 0.305700 ms CreateObjectMapping: 0.230100 ms MarkObjects: 3.118100 ms  DeleteObjects: 0.109800 ms)

AssetImportParameters requested are different than current active one (requested -> active):
  custom:video-decoder-ogg-theora: a1e56fd34408186e4bbccfd4996cb3dc -> 
  custom:container-muxer-webm: aa71ff27fc2769a1b78a27578f13a17b -> 
  custom:container-demuxer-webm: 4f35f7cbe854078d1ac9338744f61a02 -> 
  custom:video-encoder-webm-vp8: eb34c28f22e8b96e1ab97ce403110664 -> 
  custom:video-codec-MediaFoundation-h265: 746d11721c4dcdbdad8f713fa42b33f4 -> 
  custom:audio-encoder-webm-vorbis: bf7c407c2cedff20999df2af8eb42d56 -> 
  custom:framework-win-MediaFoundation: 216162199b28c13a410421893ffa2e32 -> 
  custom:container-demuxer-ogg: 62fdf1f143b41e24485cea50d1cbac27 -> 
  custom:video-decoder-webm-vp8: 9c59270c3fd7afecdb556c50c9e8de78 -> 
  custom:audio-decoder-ogg-vorbis: bf7c407c2cedff20999df2af8eb42d56 -> 
========================================================================
Received Import Request.
  Time since last request: 1207.562580 seconds.
  path: Assets/WoodsLifestyle/Prefabs/Buildings/WaterTower_02.prefab
  artifactKey: Guid(e40605717bf1e7047ac99751212cd9b6) Importer(815301076,1909f56bfc062723c751e8b465ee728b)
Start importing Assets/WoodsLifestyle/Prefabs/Buildings/WaterTower_02.prefab using Guid(e40605717bf1e7047ac99751212cd9b6) Importer(815301076,1909f56bfc062723c751e8b465ee728b)  -> (artifact id: 'd407d867758611a0f092028c93faab80') in 0.117557 seconds 
========================================================================
Received Import Request.
  Time since last request: 546.966181 seconds.
  path: Assets/Low Poly Environment Starter Kit/Prefabs/Standard/Trees/Pine 2.prefab
  artifactKey: Guid(8f9ba795b7b2cc447a11bc8f5d525f38) Importer(815301076,1909f56bfc062723c751e8b465ee728b)
Start importing Assets/Low Poly Environment Starter Kit/Prefabs/Standard/Trees/Pine 2.prefab using Guid(8f9ba795b7b2cc447a11bc8f5d525f38) Importer(815301076,1909f56bfc062723c751e8b465ee728b)  -> (artifact id: '925180755d004e5ce714bdea60fe4241') in 0.030577 seconds 
========================================================================
Received Import Request.
  Time since last request: 0.000024 seconds.
  path: Assets/Low Poly Environment Starter Kit/Prefabs/Standard/Trees/Tree 6.prefab
  artifactKey: Guid(592e4b3b537c0544394e72880ee78009) Importer(815301076,1909f56bfc062723c751e8b465ee728b)
Start importing Assets/Low Poly Environment Starter Kit/Prefabs/Standard/Trees/Tree 6.prefab using Guid(592e4b3b537c0544394e72880ee78009) Importer(815301076,1909f56bfc062723c751e8b465ee728b)  -> (artifact id: 'b5259fe197177133734d060f0f01a500') in 0.017944 seconds 
========================================================================
Received Import Request.
  Time since last request: 0.000020 seconds.
  path: Assets/Low Poly Environment Starter Kit/Prefabs/Standard/Trees/Pine 5.prefab
  artifactKey: Guid(d2c01e12643106a429a67af5d844dc1b) Importer(815301076,1909f56bfc062723c751e8b465ee728b)
Start importing Assets/Low Poly Environment Starter Kit/Prefabs/Standard/Trees/Pine 5.prefab using Guid(d2c01e12643106a429a67af5d844dc1b) Importer(815301076,1909f56bfc062723c751e8b465ee728b)  -> (artifact id: '4a18b8f31232f1aa6ab47698104a7454') in 0.017054 seconds 
========================================================================
Received Import Request.
  Time since last request: 0.000016 seconds.
  path: Assets/Low Poly Environment Starter Kit/Prefabs/Standard/Trees/Pine 3.prefab
  artifactKey: Guid(96ba1b93b84bf1747bf34efceee42e5e) Importer(815301076,1909f56bfc062723c751e8b465ee728b)
Start importing Assets/Low Poly Environment Starter Kit/Prefabs/Standard/Trees/Pine 3.prefab using Guid(96ba1b93b84bf1747bf34efceee42e5e) Importer(815301076,1909f56bfc062723c751e8b465ee728b)  -> (artifact id: '21c127df0470be4c1313bfd0b92612ad') in 0.015089 seconds 
========================================================================
Received Import Request.
  Time since last request: 0.000031 seconds.
  path: Assets/Low Poly Environment Starter Kit/Prefabs/Standard/Trees/Tree 3.prefab
  artifactKey: Guid(5d7fbebcbe27e29468ebe80336195016) Importer(815301076,1909f56bfc062723c751e8b465ee728b)
Start importing Assets/Low Poly Environment Starter Kit/Prefabs/Standard/Trees/Tree 3.prefab using Guid(5d7fbebcbe27e29468ebe80336195016) Importer(815301076,1909f56bfc062723c751e8b465ee728b)  -> (artifact id: '7ab6bd4c6f07abbfe7c111e84163f085') in 0.019144 seconds 
========================================================================
Received Import Request.
  Time since last request: 0.000030 seconds.
  path: Assets/Low Poly Environment Starter Kit/Prefabs/Standard/Trees/Pine 4.prefab
  artifactKey: Guid(efad0e27c216ffe46a97c381d7e1144b) Importer(815301076,1909f56bfc062723c751e8b465ee728b)
Start importing Assets/Low Poly Environment Starter Kit/Prefabs/Standard/Trees/Pine 4.prefab using Guid(efad0e27c216ffe46a97c381d7e1144b) Importer(815301076,1909f56bfc062723c751e8b465ee728b)  -> (artifact id: '005a61d9b6c67fef974cfa8a52790b3a') in 0.020435 seconds 
========================================================================
Received Import Request.
  Time since last request: 0.000023 seconds.
  path: Assets/Low Poly Environment Starter Kit/Prefabs/Standard/Trees/Pine 6.prefab
  artifactKey: Guid(608f21762d44d604b8739667e82b7813) Importer(815301076,1909f56bfc062723c751e8b465ee728b)
Start importing Assets/Low Poly Environment Starter Kit/Prefabs/Standard/Trees/Pine 6.prefab using Guid(608f21762d44d604b8739667e82b7813) Importer(815301076,1909f56bfc062723c751e8b465ee728b)  -> (artifact id: 'd2d56974b0ece090aed811fd8931a4a3') in 0.020289 seconds 
========================================================================
Received Import Request.
  Time since last request: 760.372602 seconds.
  path: Assets/Low Poly Environment Starter Kit/Prefabs/Standard/Rocks/Rock 2.prefab
  artifactKey: Guid(57ed58afc8891834b9b6c7ad9b867e4b) Importer(815301076,1909f56bfc062723c751e8b465ee728b)
Start importing Assets/Low Poly Environment Starter Kit/Prefabs/Standard/Rocks/Rock 2.prefab using Guid(57ed58afc8891834b9b6c7ad9b867e4b) Importer(815301076,1909f56bfc062723c751e8b465ee728b)  -> (artifact id: '3b73d3fba6d5e13c11537fcf24c5d3d2') in 0.018345 seconds 
========================================================================
Received Import Request.
  Time since last request: 0.000024 seconds.
  path: Assets/Low Poly Environment Starter Kit/Prefabs/Standard/Rocks/Rock 5.prefab
  artifactKey: Guid(0809901cc7328194c9e48b6df1696026) Importer(815301076,1909f56bfc062723c751e8b465ee728b)
Start importing Assets/Low Poly Environment Starter Kit/Prefabs/Standard/Rocks/Rock 5.prefab using Guid(0809901cc7328194c9e48b6df1696026) Importer(815301076,1909f56bfc062723c751e8b465ee728b)  -> (artifact id: 'fa064879d63d360ef9ccb2bf8140ec3c') in 0.015422 seconds 
========================================================================
Received Import Request.
  Time since last request: 0.000016 seconds.
  path: Assets/Low Poly Environment Starter Kit/Prefabs/Standard/Rocks/Rock Arc.prefab
  artifactKey: Guid(d0874652e7282494290c9333639e8283) Importer(815301076,1909f56bfc062723c751e8b465ee728b)
Start importing Assets/Low Poly Environment Starter Kit/Prefabs/Standard/Rocks/Rock Arc.prefab using Guid(d0874652e7282494290c9333639e8283) Importer(815301076,1909f56bfc062723c751e8b465ee728b)  -> (artifact id: '592195a8924adf5760d1114619960eee') in 0.016305 seconds 
========================================================================
Received Import Request.
  Time since last request: 0.000022 seconds.
  path: Assets/Low Poly Environment Starter Kit/Prefabs/Standard/Rocks/Rock Pile 3.prefab
  artifactKey: Guid(9f3f4f94fd06fb147ae11524a3cc1001) Importer(815301076,1909f56bfc062723c751e8b465ee728b)
Start importing Assets/Low Poly Environment Starter Kit/Prefabs/Standard/Rocks/Rock Pile 3.prefab using Guid(9f3f4f94fd06fb147ae11524a3cc1001) Importer(815301076,1909f56bfc062723c751e8b465ee728b)  -> (artifact id: '42d1ee05b121e761111e813b6d5a4090') in 0.017314 seconds 
========================================================================
Received Import Request.
  Time since last request: 0.000026 seconds.
  path: Assets/Low Poly Environment Starter Kit/Prefabs/Standard/Rocks/Rock 11.prefab
  artifactKey: Guid(95243de08a950c64d9638230601e7e15) Importer(815301076,1909f56bfc062723c751e8b465ee728b)
Start importing Assets/Low Poly Environment Starter Kit/Prefabs/Standard/Rocks/Rock 11.prefab using Guid(95243de08a950c64d9638230601e7e15) Importer(815301076,1909f56bfc062723c751e8b465ee728b)  -> (artifact id: '4b90d727f563e59217cdeccd532cc1c9') in 0.020371 seconds 
========================================================================
Received Import Request.
  Time since last request: 0.000027 seconds.
  path: Assets/Low Poly Environment Starter Kit/Prefabs/Standard/Rocks/Rock 4.prefab
  artifactKey: Guid(bee0b934e01c77748b4614079d193806) Importer(815301076,1909f56bfc062723c751e8b465ee728b)
Start importing Assets/Low Poly Environment Starter Kit/Prefabs/Standard/Rocks/Rock 4.prefab using Guid(bee0b934e01c77748b4614079d193806) Importer(815301076,1909f56bfc062723c751e8b465ee728b)  -> (artifact id: '981473bcb2c88c5377527cc53d9d4da6') in 0.014915 seconds 
========================================================================
Received Import Request.
  Time since last request: 0.000018 seconds.
  path: Assets/Low Poly Environment Starter Kit/Prefabs/Standard/Rocks/Rock 8.prefab
  artifactKey: Guid(916478557447f5b43aaf1267f490ff88) Importer(815301076,1909f56bfc062723c751e8b465ee728b)
Start importing Assets/Low Poly Environment Starter Kit/Prefabs/Standard/Rocks/Rock 8.prefab using Guid(916478557447f5b43aaf1267f490ff88) Importer(815301076,1909f56bfc062723c751e8b465ee728b)  -> (artifact id: '87ee41c055cef84517f173ea5458b5dc') in 0.014131 seconds 
========================================================================
Received Import Request.
  Time since last request: 0.000022 seconds.
  path: Assets/Low Poly Environment Starter Kit/Prefabs/Standard/Rocks/Rock Pile 2.prefab
  artifactKey: Guid(d2f665b7036709b4ea1c58074942c454) Importer(815301076,1909f56bfc062723c751e8b465ee728b)
Start importing Assets/Low Poly Environment Starter Kit/Prefabs/Standard/Rocks/Rock Pile 2.prefab using Guid(d2f665b7036709b4ea1c58074942c454) Importer(815301076,1909f56bfc062723c751e8b465ee728b)  -> (artifact id: '7235fddc203c6c71da3469e8bc36c45b') in 0.013745 seconds 
========================================================================
Received Import Request.
  Time since last request: 0.000021 seconds.
  path: Assets/Low Poly Environment Starter Kit/Prefabs/Standard/Rocks/Rock Pile 1.prefab
  artifactKey: Guid(c03f07a84af9a4a40b8b9f9aa25a070a) Importer(815301076,1909f56bfc062723c751e8b465ee728b)
Start importing Assets/Low Poly Environment Starter Kit/Prefabs/Standard/Rocks/Rock Pile 1.prefab using Guid(c03f07a84af9a4a40b8b9f9aa25a070a) Importer(815301076,1909f56bfc062723c751e8b465ee728b)  -> (artifact id: '43a5156976ad5a2156d6b4f5457f322f') in 0.014242 seconds 
========================================================================
Received Import Request.
  Time since last request: 0.000014 seconds.
  path: Assets/Low Poly Environment Starter Kit/Prefabs/Standard/Rocks/Rock 3.prefab
  artifactKey: Guid(91282258dc9de664abe80049a519ddea) Importer(815301076,1909f56bfc062723c751e8b465ee728b)
Start importing Assets/Low Poly Environment Starter Kit/Prefabs/Standard/Rocks/Rock 3.prefab using Guid(91282258dc9de664abe80049a519ddea) Importer(815301076,1909f56bfc062723c751e8b465ee728b)  -> (artifact id: '1ab54eb704340236e94fe3514f83646d') in 0.012951 seconds 
========================================================================
Received Import Request.
  Time since last request: 0.000017 seconds.
  path: Assets/Low Poly Environment Starter Kit/Prefabs/Standard/Rocks/Rock 10.prefab
  artifactKey: Guid(920c086aa0351304aad78c77cfbc1461) Importer(815301076,1909f56bfc062723c751e8b465ee728b)
Start importing Assets/Low Poly Environment Starter Kit/Prefabs/Standard/Rocks/Rock 10.prefab using Guid(920c086aa0351304aad78c77cfbc1461) Importer(815301076,1909f56bfc062723c751e8b465ee728b)  -> (artifact id: '5135eec61aa1fec2eebd039362f08e4f') in 0.012901 seconds 
Editor requested this worker to shutdown with reason: Scaling down because of idle timeout
AssetImportWorker is now disconnected from the server
Process exiting
Exiting without the bug reporter. Application will terminate with return code 0