Using pre-set license
Built from '2021.3/staging' branch; Version is '2021.3.26f1 (a16dc32e0ff2) revision 10579395'; Using compiler version '192829333'; Build Type 'Release'
OS: 'Windows 11  (10.0.22621) 64bit Professional' Language: 'ru' Physical Memory: 16200 MB
BatchMode: 1, IsHumanControllingUs: 0, StartBugReporterOnCrash: 0, Is64bit: 1, IsPro: 1

COMMAND LINE ARGUMENTS:
D:\downloads\Editor\Unity.exe
-adb2
-batchMode
-noUpm
-name
AssetImportWorker8
-projectPath
D:/project/TestUnity/New Unity Project
-logFile
Logs/AssetImportWorker8.log
-srvPort
52115
Successfully changed project path to: D:/project/TestUnity/New Unity Project
D:/project/TestUnity/New Unity Project
[UnityMemory] Configuration Parameters - Can be set up in boot.config
    "memorysetup-bucket-allocator-granularity=16"
    "memorysetup-bucket-allocator-bucket-count=8"
    "memorysetup-bucket-allocator-block-size=33554432"
    "memorysetup-bucket-allocator-block-count=8"
    "memorysetup-main-allocator-block-size=16777216"
    "memorysetup-thread-allocator-block-size=16777216"
    "memorysetup-gfx-main-allocator-block-size=16777216"
    "memorysetup-gfx-thread-allocator-block-size=16777216"
    "memorysetup-cache-allocator-block-size=4194304"
    "memorysetup-typetree-allocator-block-size=2097152"
    "memorysetup-profiler-bucket-allocator-granularity=16"
    "memorysetup-profiler-bucket-allocator-bucket-count=8"
    "memorysetup-profiler-bucket-allocator-block-size=33554432"
    "memorysetup-profiler-bucket-allocator-block-count=8"
    "memorysetup-profiler-allocator-block-size=16777216"
    "memorysetup-profiler-editor-allocator-block-size=1048576"
    "memorysetup-temp-allocator-size-main=16777216"
    "memorysetup-job-temp-allocator-block-size=2097152"
    "memorysetup-job-temp-allocator-block-size-background=1048576"
    "memorysetup-job-temp-allocator-reduction-small-platforms=262144"
    "memorysetup-temp-allocator-size-background-worker=32768"
    "memorysetup-temp-allocator-size-job-worker=262144"
    "memorysetup-temp-allocator-size-preload-manager=33554432"
    "memorysetup-temp-allocator-size-nav-mesh-worker=65536"
    "memorysetup-temp-allocator-size-audio-worker=65536"
    "memorysetup-temp-allocator-size-cloud-worker=32768"
    "memorysetup-temp-allocator-size-gi-baking-worker=262144"
    "memorysetup-temp-allocator-size-gfx=262144"
Player connection [17720] Host "[IP] 192.168.2.69 [Port] 0 [Flags] 2 [Guid] 2042056646 [EditorId] 2042056646 [Version] 1048832 [Id] WindowsEditor(7,Elena) [Debug] 1 [PackageName] WindowsEditor [ProjectName] Editor" joined multi-casting on [225.0.0.222:54997]...

Player connection [17720] Host "[IP] 192.168.2.69 [Port] 0 [Flags] 2 [Guid] 2042056646 [EditorId] 2042056646 [Version] 1048832 [Id] WindowsEditor(7,Elena) [Debug] 1 [PackageName] WindowsEditor [ProjectName] Editor" joined alternative multi-casting on [225.0.0.222:34997]...

Refreshing native plugins compatible for Editor in 72.50 ms, found 3 plugins.
Preloading 0 native plugins for Editor in 0.00 ms.
Initialize engine version: 2021.3.26f1 (a16dc32e0ff2)
[Subsystems] Discovering subsystems at path D:/downloads/Editor/Data/Resources/UnitySubsystems
[Subsystems] Discovering subsystems at path D:/project/TestUnity/New Unity Project/Assets
GfxDevice: creating device client; threaded=0; jobified=0
Direct3D:
    Version:  Direct3D 11.0 [level 11.1]
    Renderer: NVIDIA GeForce GTX 1660 Ti (ID=0x2191)
    Vendor:   NVIDIA
    VRAM:     5991 MB
    Driver:   26.21.14.4223
Initialize mono
Mono path[0] = 'D:/downloads/Editor/Data/Managed'
Mono path[1] = 'D:/downloads/Editor/Data/MonoBleedingEdge/lib/mono/unityjit-win32'
Mono config path = 'D:/downloads/Editor/Data/MonoBleedingEdge/etc'
Using monoOptions --debugger-agent=transport=dt_socket,embedding=1,server=y,suspend=n,address=127.0.0.1:56692
Begin MonoManager ReloadAssembly
Registering precompiled unity dll's ...
Register platform support module: D:/downloads/Editor/Data/PlaybackEngines/WindowsStandaloneSupport/UnityEditor.WindowsStandalone.Extensions.dll
Registered in 0.001503 seconds.
Native extension for WindowsStandalone target not found
Refreshing native plugins compatible for Editor in 75.10 ms, found 3 plugins.
Preloading 0 native plugins for Editor in 0.00 ms.
Mono: successfully reloaded assembly
- Completed reload, in  0.657 seconds
Domain Reload Profiling:
	ReloadAssembly (657ms)
		BeginReloadAssembly (82ms)
			ExecutionOrderSort (0ms)
			DisableScriptedObjects (0ms)
			BackupInstance (0ms)
			ReleaseScriptingObjects (0ms)
			CreateAndSetChildDomain (1ms)
		EndReloadAssembly (488ms)
			LoadAssemblies (82ms)
			RebuildTransferFunctionScriptingTraits (0ms)
			SetupTypeCache (132ms)
			ReleaseScriptCaches (0ms)
			RebuildScriptCaches (31ms)
			SetupLoadedEditorAssemblies (276ms)
				LogAssemblyErrors (0ms)
				InitializePlatformSupportModulesInManaged (7ms)
				SetLoadedEditorAssemblies (0ms)
				RefreshPlugins (75ms)
				BeforeProcessingInitializeOnLoad (1ms)
				ProcessInitializeOnLoadAttributes (139ms)
				ProcessInitializeOnLoadMethodAttributes (53ms)
				AfterProcessingInitializeOnLoad (0ms)
				EditorAssembliesLoaded (0ms)
			ExecutionOrderSort2 (0ms)
			AwakeInstancesAfterBackupRestoration (0ms)
Platform modules already initialized, skipping
Registering precompiled user dll's ...
Registered in 0.003019 seconds.
Begin MonoManager ReloadAssembly
Native extension for WindowsStandalone target not found
Refreshing native plugins compatible for Editor in 0.49 ms, found 3 plugins.
Preloading 0 native plugins for Editor in 0.00 ms.
Mono: successfully reloaded assembly
- Completed reload, in  0.845 seconds
Domain Reload Profiling:
	ReloadAssembly (846ms)
		BeginReloadAssembly (102ms)
			ExecutionOrderSort (0ms)
			DisableScriptedObjects (5ms)
			BackupInstance (0ms)
			ReleaseScriptingObjects (0ms)
			CreateAndSetChildDomain (17ms)
		EndReloadAssembly (657ms)
			LoadAssemblies (64ms)
			RebuildTransferFunctionScriptingTraits (0ms)
			SetupTypeCache (222ms)
			ReleaseScriptCaches (0ms)
			RebuildScriptCaches (50ms)
			SetupLoadedEditorAssemblies (283ms)
				LogAssemblyErrors (0ms)
				InitializePlatformSupportModulesInManaged (3ms)
				SetLoadedEditorAssemblies (0ms)
				RefreshPlugins (1ms)
				BeforeProcessingInitializeOnLoad (60ms)
				ProcessInitializeOnLoadAttributes (196ms)
				ProcessInitializeOnLoadMethodAttributes (21ms)
				AfterProcessingInitializeOnLoad (2ms)
				EditorAssembliesLoaded (0ms)
			ExecutionOrderSort2 (0ms)
			AwakeInstancesAfterBackupRestoration (5ms)
Platform modules already initialized, skipping
========================================================================
Worker process is ready to serve import requests
Launched and connected shader compiler UnityShaderCompiler.exe after 0.04 seconds
Refreshing native plugins compatible for Editor in 0.46 ms, found 3 plugins.
Preloading 0 native plugins for Editor in 0.00 ms.
Unloading 2918 Unused Serialized files (Serialized files now loaded: 0)
Unloading 21 unused Assets / (56.3 KB). Loaded Objects now: 3398.
Memory consumption went from 116.0 MB to 115.9 MB.
Total: 2.653300 ms (FindLiveObjects: 0.282700 ms CreateObjectMapping: 0.197700 ms MarkObjects: 2.093300 ms  DeleteObjects: 0.078600 ms)

AssetImportParameters requested are different than current active one (requested -> active):
  custom:video-decoder-ogg-theora: a1e56fd34408186e4bbccfd4996cb3dc -> 
  custom:container-muxer-webm: aa71ff27fc2769a1b78a27578f13a17b -> 
  custom:container-demuxer-webm: 4f35f7cbe854078d1ac9338744f61a02 -> 
  custom:video-encoder-webm-vp8: eb34c28f22e8b96e1ab97ce403110664 -> 
  custom:video-codec-MediaFoundation-h265: 746d11721c4dcdbdad8f713fa42b33f4 -> 
  custom:audio-encoder-webm-vorbis: bf7c407c2cedff20999df2af8eb42d56 -> 
  custom:framework-win-MediaFoundation: 216162199b28c13a410421893ffa2e32 -> 
  custom:container-demuxer-ogg: 62fdf1f143b41e24485cea50d1cbac27 -> 
  custom:video-decoder-webm-vp8: 9c59270c3fd7afecdb556c50c9e8de78 -> 
  custom:audio-decoder-ogg-vorbis: bf7c407c2cedff20999df2af8eb42d56 -> 
========================================================================
Received Import Request.
  Time since last request: 3990.987835 seconds.
  path: Assets/WoodsLifestyle/Models/Fences/Materials/No Name.mat
  artifactKey: Guid(e7b3dc575b3bcef4d8e3e1ec690d9c5c) Importer(815301076,1909f56bfc062723c751e8b465ee728b)
Start importing Assets/WoodsLifestyle/Models/Fences/Materials/No Name.mat using Guid(e7b3dc575b3bcef4d8e3e1ec690d9c5c) Importer(815301076,1909f56bfc062723c751e8b465ee728b)  -> (artifact id: '2ce87ffaf22a688e3b430d2040322a2f') in 0.119384 seconds 
========================================================================
Received Import Request.
  Time since last request: 2.172300 seconds.
  path: Assets/WoodsLifestyle/Models/Cabins
  artifactKey: Guid(1d00bf54c7494614b94e835a350f6367) Importer(815301076,1909f56bfc062723c751e8b465ee728b)
Start importing Assets/WoodsLifestyle/Models/Cabins using Guid(1d00bf54c7494614b94e835a350f6367) Importer(815301076,1909f56bfc062723c751e8b465ee728b)  -> (artifact id: 'd12ee337c0867c4d906d3fc09f2497f2') in 0.008378 seconds 
========================================================================
Received Import Request.
  Time since last request: 0.813289 seconds.
  path: Assets/WoodsLifestyle/Models/Cabins/Doors
  artifactKey: Guid(cae9bb846f2398643b008b863143dbe2) Importer(815301076,1909f56bfc062723c751e8b465ee728b)
Start importing Assets/WoodsLifestyle/Models/Cabins/Doors using Guid(cae9bb846f2398643b008b863143dbe2) Importer(815301076,1909f56bfc062723c751e8b465ee728b)  -> (artifact id: '64e7d597836abeab02e1762dcb64d019') in 0.008411 seconds 
========================================================================
Received Import Request.
  Time since last request: 0.847307 seconds.
  path: Assets/WoodsLifestyle/Models/Cabins/Floors
  artifactKey: Guid(0fe6935043e3d234bbb4c56707118b10) Importer(815301076,1909f56bfc062723c751e8b465ee728b)
Start importing Assets/WoodsLifestyle/Models/Cabins/Floors using Guid(0fe6935043e3d234bbb4c56707118b10) Importer(815301076,1909f56bfc062723c751e8b465ee728b)  -> (artifact id: '1a37fe839365714b5649db67236d9da2') in 0.006913 seconds 
========================================================================
Received Import Request.
  Time since last request: 0.014761 seconds.
  path: Assets/WoodsLifestyle/Models/Cabins/Floors/DeckFloor_01.fbx
  artifactKey: Guid(a0627e1c173097f439a5f3073c5f7f27) Importer(815301076,1909f56bfc062723c751e8b465ee728b)
Start importing Assets/WoodsLifestyle/Models/Cabins/Floors/DeckFloor_01.fbx using Guid(a0627e1c173097f439a5f3073c5f7f27) Importer(815301076,1909f56bfc062723c751e8b465ee728b)  -> (artifact id: '5175e9b91c3c1c6e79e869cb0eaf6739') in 0.056900 seconds 
========================================================================
Received Import Request.
  Time since last request: 0.000066 seconds.
  path: Assets/WoodsLifestyle/Models/Cabins/Floors/Floor_01_b.fbx
  artifactKey: Guid(184bbd7a4e6a13b49bba4bb0bb8b64b3) Importer(815301076,1909f56bfc062723c751e8b465ee728b)
Start importing Assets/WoodsLifestyle/Models/Cabins/Floors/Floor_01_b.fbx using Guid(184bbd7a4e6a13b49bba4bb0bb8b64b3) Importer(815301076,1909f56bfc062723c751e8b465ee728b)  -> (artifact id: '4e5dbac33c8e0e5b50af1d9c80140217') in 0.022362 seconds 
========================================================================
Received Import Request.
  Time since last request: 5.050813 seconds.
  path: Assets/WoodsLifestyle/Models/Logs_Wood
  artifactKey: Guid(ac2d9e851381b0343828f14815384718) Importer(815301076,1909f56bfc062723c751e8b465ee728b)
Start importing Assets/WoodsLifestyle/Models/Logs_Wood using Guid(ac2d9e851381b0343828f14815384718) Importer(815301076,1909f56bfc062723c751e8b465ee728b)  -> (artifact id: '8a16228d344ecdd169f2be49308459b5') in 0.007877 seconds 
========================================================================
Received Import Request.
  Time since last request: 0.042581 seconds.
  path: Assets/WoodsLifestyle/Models/Logs_Wood/FireWood_01.fbx
  artifactKey: Guid(bb47b2717c7c4874786ddfa976e2d091) Importer(815301076,1909f56bfc062723c751e8b465ee728b)
Start importing Assets/WoodsLifestyle/Models/Logs_Wood/FireWood_01.fbx using Guid(bb47b2717c7c4874786ddfa976e2d091) Importer(815301076,1909f56bfc062723c751e8b465ee728b)  -> (artifact id: 'c8c3324eebd601f668aa00a1c7d4a9c4') in 0.015897 seconds 
========================================================================
Received Import Request.
  Time since last request: 0.000016 seconds.
  path: Assets/WoodsLifestyle/Models/Logs_Wood/LogHeap_02_a.fbx
  artifactKey: Guid(e904fdac1ce22d1489a9965702b60745) Importer(815301076,1909f56bfc062723c751e8b465ee728b)
Start importing Assets/WoodsLifestyle/Models/Logs_Wood/LogHeap_02_a.fbx using Guid(e904fdac1ce22d1489a9965702b60745) Importer(815301076,1909f56bfc062723c751e8b465ee728b)  -> (artifact id: '02fabad0a3023626e7491f57df2f4d1e') in 0.021012 seconds 
========================================================================
Received Import Request.
  Time since last request: 0.000060 seconds.
  path: Assets/WoodsLifestyle/Models/Logs_Wood/LogHeap_02_b.fbx
  artifactKey: Guid(43507009ef08f1f42aa8545e7c1b9277) Importer(815301076,1909f56bfc062723c751e8b465ee728b)
Start importing Assets/WoodsLifestyle/Models/Logs_Wood/LogHeap_02_b.fbx using Guid(43507009ef08f1f42aa8545e7c1b9277) Importer(815301076,1909f56bfc062723c751e8b465ee728b)  -> (artifact id: '4b19876033ae38e4ed367c66af17ec28') in 0.020773 seconds 
========================================================================
Received Import Request.
  Time since last request: 97.492733 seconds.
  path: Assets/WoodsLifestyle/Models/Rocks
  artifactKey: Guid(2660e74be1d8745438940f2ec11e99fe) Importer(815301076,1909f56bfc062723c751e8b465ee728b)
Start importing Assets/WoodsLifestyle/Models/Rocks using Guid(2660e74be1d8745438940f2ec11e99fe) Importer(815301076,1909f56bfc062723c751e8b465ee728b)  -> (artifact id: 'aea0423c7fada9691ac7d28adecb9fd1') in 0.007477 seconds 
========================================================================
Received Import Request.
  Time since last request: 0.049767 seconds.
  path: Assets/WoodsLifestyle/Models/Rocks/Rock_01_a.fbx
  artifactKey: Guid(134dbe6ed9bf2db4dad37b1db84e5160) Importer(815301076,1909f56bfc062723c751e8b465ee728b)
Start importing Assets/WoodsLifestyle/Models/Rocks/Rock_01_a.fbx using Guid(134dbe6ed9bf2db4dad37b1db84e5160) Importer(815301076,1909f56bfc062723c751e8b465ee728b)  -> (artifact id: 'e38ce62d172b07616031c7f2d3648e51') in 0.020718 seconds 
========================================================================
Received Import Request.
  Time since last request: 0.000059 seconds.
  path: Assets/WoodsLifestyle/Models/Rocks/Rock_03_a.fbx
  artifactKey: Guid(b2f682c2245381543bff05a3b6217ffe) Importer(815301076,1909f56bfc062723c751e8b465ee728b)
Start importing Assets/WoodsLifestyle/Models/Rocks/Rock_03_a.fbx using Guid(b2f682c2245381543bff05a3b6217ffe) Importer(815301076,1909f56bfc062723c751e8b465ee728b)  -> (artifact id: 'fe252175a16d307c0e9b3aa574fbe9c1') in 0.021482 seconds 
========================================================================
Received Import Request.
  Time since last request: 0.000020 seconds.
  path: Assets/WoodsLifestyle/Models/Rocks/Rock_02_c.fbx
  artifactKey: Guid(62c344ec0aeeda348a453e242f824a66) Importer(815301076,1909f56bfc062723c751e8b465ee728b)
Start importing Assets/WoodsLifestyle/Models/Rocks/Rock_02_c.fbx using Guid(62c344ec0aeeda348a453e242f824a66) Importer(815301076,1909f56bfc062723c751e8b465ee728b)  -> (artifact id: 'e2f5479c4ef728eaa1f5555563c7a6cb') in 0.025618 seconds 
========================================================================
Received Import Request.
  Time since last request: 0.000024 seconds.
  path: Assets/WoodsLifestyle/Models/Rocks/RockBarrier_01_b.fbx
  artifactKey: Guid(a0689f0bb99dd8b4fb033e9056efade0) Importer(815301076,1909f56bfc062723c751e8b465ee728b)
Start importing Assets/WoodsLifestyle/Models/Rocks/RockBarrier_01_b.fbx using Guid(a0689f0bb99dd8b4fb033e9056efade0) Importer(815301076,1909f56bfc062723c751e8b465ee728b)  -> (artifact id: '0489d981758b2512ff2eab753e96584e') in 0.022928 seconds 
========================================================================
Received Import Request.
  Time since last request: 0.000037 seconds.
  path: Assets/WoodsLifestyle/Models/Rocks/Rock_02_d.fbx
  artifactKey: Guid(39a092084d898ef448a0f820fdda52eb) Importer(815301076,1909f56bfc062723c751e8b465ee728b)
Start importing Assets/WoodsLifestyle/Models/Rocks/Rock_02_d.fbx using Guid(39a092084d898ef448a0f820fdda52eb) Importer(815301076,1909f56bfc062723c751e8b465ee728b)  -> (artifact id: '14cdf38f5fa8eab7acca8b1a156d7c7f') in 0.021857 seconds 
========================================================================
Received Import Request.
  Time since last request: 0.000035 seconds.
  path: Assets/WoodsLifestyle/Models/Rocks/Rock_01_c.fbx
  artifactKey: Guid(a0253a1584d93fb45aedef31c1782fea) Importer(815301076,1909f56bfc062723c751e8b465ee728b)
Start importing Assets/WoodsLifestyle/Models/Rocks/Rock_01_c.fbx using Guid(a0253a1584d93fb45aedef31c1782fea) Importer(815301076,1909f56bfc062723c751e8b465ee728b)  -> (artifact id: 'c6d1ca77590b67f38ff3cdfe603cd5c0') in 0.017865 seconds 
========================================================================
Received Import Request.
  Time since last request: 0.000018 seconds.
  path: Assets/WoodsLifestyle/Models/Rocks/Rock_02_a.fbx
  artifactKey: Guid(ef055c2aa50ed0d45bd94546b973fdd0) Importer(815301076,1909f56bfc062723c751e8b465ee728b)
Start importing Assets/WoodsLifestyle/Models/Rocks/Rock_02_a.fbx using Guid(ef055c2aa50ed0d45bd94546b973fdd0) Importer(815301076,1909f56bfc062723c751e8b465ee728b)  -> (artifact id: 'dc86012fca54507263020a549a9532fb') in 0.015954 seconds 
========================================================================
Received Import Request.
  Time since last request: 0.000019 seconds.
  path: Assets/WoodsLifestyle/Models/Rocks/Rock_01_f.fbx
  artifactKey: Guid(dcf1fbf6c98912544996b70bc9fb3e85) Importer(815301076,1909f56bfc062723c751e8b465ee728b)
Start importing Assets/WoodsLifestyle/Models/Rocks/Rock_01_f.fbx using Guid(dcf1fbf6c98912544996b70bc9fb3e85) Importer(815301076,1909f56bfc062723c751e8b465ee728b)  -> (artifact id: 'dc17570a3a88ed4d00e9c53b0d93c2e4') in 0.020090 seconds 
========================================================================
Received Import Request.
  Time since last request: 0.000020 seconds.
  path: Assets/WoodsLifestyle/Models/Rocks/Rock_02_b.fbx
  artifactKey: Guid(83f83f83c309b554394085851b06f2b5) Importer(815301076,1909f56bfc062723c751e8b465ee728b)
Start importing Assets/WoodsLifestyle/Models/Rocks/Rock_02_b.fbx using Guid(83f83f83c309b554394085851b06f2b5) Importer(815301076,1909f56bfc062723c751e8b465ee728b)  -> (artifact id: 'c6f74cf3783d4f4bc03679f6070e8c83') in 0.016505 seconds 
========================================================================
Received Import Request.
  Time since last request: 4.618605 seconds.
  path: Assets/WoodsLifestyle/Models/Stairs_Ladders
  artifactKey: Guid(57a5de7e0cedc42429633e26abe2edd0) Importer(815301076,1909f56bfc062723c751e8b465ee728b)
Start importing Assets/WoodsLifestyle/Models/Stairs_Ladders using Guid(57a5de7e0cedc42429633e26abe2edd0) Importer(815301076,1909f56bfc062723c751e8b465ee728b)  -> (artifact id: 'a21109ee1210f76ed4e75c2772c4b48e') in 0.007766 seconds 
========================================================================
Received Import Request.
  Time since last request: 0.029867 seconds.
  path: Assets/WoodsLifestyle/Models/Stairs_Ladders/Ladder_01.fbx
  artifactKey: Guid(0c22c55d826286441ba51b4263ab85ef) Importer(815301076,1909f56bfc062723c751e8b465ee728b)
Start importing Assets/WoodsLifestyle/Models/Stairs_Ladders/Ladder_01.fbx using Guid(0c22c55d826286441ba51b4263ab85ef) Importer(815301076,1909f56bfc062723c751e8b465ee728b)  -> (artifact id: 'a23d419a9a4b3f73cd6c234c05d042f5') in 0.015609 seconds 
========================================================================
Received Import Request.
  Time since last request: 7.150458 seconds.
  path: Assets/WoodsLifestyle/Models/Vegetation
  artifactKey: Guid(5da9afd470d29344482e173fe7874813) Importer(815301076,1909f56bfc062723c751e8b465ee728b)
Start importing Assets/WoodsLifestyle/Models/Vegetation using Guid(5da9afd470d29344482e173fe7874813) Importer(815301076,1909f56bfc062723c751e8b465ee728b)  -> (artifact id: '49552d106a88ff49a5b3711932c67305') in 0.008424 seconds 
========================================================================
Received Import Request.
  Time since last request: 0.869904 seconds.
  path: Assets/WoodsLifestyle/Models/Vegetation/Flowers
  artifactKey: Guid(dc1619678f9971f418af7bc881723645) Importer(815301076,1909f56bfc062723c751e8b465ee728b)
Start importing Assets/WoodsLifestyle/Models/Vegetation/Flowers using Guid(dc1619678f9971f418af7bc881723645) Importer(815301076,1909f56bfc062723c751e8b465ee728b)  -> (artifact id: '8345ece42ade8682b4938768374fddab') in 0.006695 seconds 
========================================================================
Received Import Request.
  Time since last request: 0.031265 seconds.
  path: Assets/WoodsLifestyle/Models/Vegetation/Flowers/Flower_a_a_01.fbx
  artifactKey: Guid(b18b2751705020e498e742837cf4dc48) Importer(815301076,1909f56bfc062723c751e8b465ee728b)
Start importing Assets/WoodsLifestyle/Models/Vegetation/Flowers/Flower_a_a_01.fbx using Guid(b18b2751705020e498e742837cf4dc48) Importer(815301076,1909f56bfc062723c751e8b465ee728b)  -> (artifact id: '2b498d91bedc2ff0a3273e79532f348b') in 0.018131 seconds 
========================================================================
Received Import Request.
  Time since last request: 0.000017 seconds.
  path: Assets/WoodsLifestyle/Models/Vegetation/Flowers/Flower_c_b_01.fbx
  artifactKey: Guid(7e0b84950de17d3419c792d7dc31f860) Importer(815301076,1909f56bfc062723c751e8b465ee728b)
Start importing Assets/WoodsLifestyle/Models/Vegetation/Flowers/Flower_c_b_01.fbx using Guid(7e0b84950de17d3419c792d7dc31f860) Importer(815301076,1909f56bfc062723c751e8b465ee728b)  -> (artifact id: '972481c9b905b5ccfcf65a2835081e1f') in 0.019318 seconds 
========================================================================
Received Import Request.
  Time since last request: 3.321454 seconds.
  path: Assets/WoodsLifestyle/Models/Vegetation/Trees
  artifactKey: Guid(c3304dcca3c68314d8a52a40d1b67429) Importer(815301076,1909f56bfc062723c751e8b465ee728b)
Start importing Assets/WoodsLifestyle/Models/Vegetation/Trees using Guid(c3304dcca3c68314d8a52a40d1b67429) Importer(815301076,1909f56bfc062723c751e8b465ee728b)  -> (artifact id: 'a890db2d5e82565e771b6528baad4c4f') in 0.001987 seconds 
========================================================================
Received Import Request.
  Time since last request: 0.059051 seconds.
  path: Assets/WoodsLifestyle/Models/Vegetation/Trees/Tree_01_a.fbx
  artifactKey: Guid(9e736dc8d72bee74fa560c1dfdedbb9e) Importer(815301076,1909f56bfc062723c751e8b465ee728b)
Start importing Assets/WoodsLifestyle/Models/Vegetation/Trees/Tree_01_a.fbx using Guid(9e736dc8d72bee74fa560c1dfdedbb9e) Importer(815301076,1909f56bfc062723c751e8b465ee728b)  -> (artifact id: '0643f4b096166d4d80a37700a35e89f2') in 0.017543 seconds 
========================================================================
Received Import Request.
  Time since last request: 0.000015 seconds.
  path: Assets/WoodsLifestyle/Models/Vegetation/Trees/Tree_09_b.fbx
  artifactKey: Guid(1bd22797afe37aa40a4aec9f7ff8924b) Importer(815301076,1909f56bfc062723c751e8b465ee728b)
Start importing Assets/WoodsLifestyle/Models/Vegetation/Trees/Tree_09_b.fbx using Guid(1bd22797afe37aa40a4aec9f7ff8924b) Importer(815301076,1909f56bfc062723c751e8b465ee728b)  -> (artifact id: 'bc0aedbd8716c34a96c663a7a7e64c0f') in 0.017137 seconds 
========================================================================
Received Import Request.
  Time since last request: 0.000040 seconds.
  path: Assets/WoodsLifestyle/Models/Vegetation/Trees/Tree_10_a.fbx
  artifactKey: Guid(d642bdb2862b6664191fa636b60b4678) Importer(815301076,1909f56bfc062723c751e8b465ee728b)
Start importing Assets/WoodsLifestyle/Models/Vegetation/Trees/Tree_10_a.fbx using Guid(d642bdb2862b6664191fa636b60b4678) Importer(815301076,1909f56bfc062723c751e8b465ee728b)  -> (artifact id: '76e021bb2d49a39f1bd22cebec7efbd2') in 0.020287 seconds 
========================================================================
Received Import Request.
  Time since last request: 0.000019 seconds.
  path: Assets/WoodsLifestyle/Models/Vegetation/Trees/Tree_12_b.fbx
  artifactKey: Guid(19bcb2d571d656b4bb78388cd6b9f961) Importer(815301076,1909f56bfc062723c751e8b465ee728b)
Start importing Assets/WoodsLifestyle/Models/Vegetation/Trees/Tree_12_b.fbx using Guid(19bcb2d571d656b4bb78388cd6b9f961) Importer(815301076,1909f56bfc062723c751e8b465ee728b)  -> (artifact id: '49e7333658b1bfcb8a6d03c75f9487a0') in 0.021912 seconds 
========================================================================
Received Import Request.
  Time since last request: 0.000043 seconds.
  path: Assets/WoodsLifestyle/Models/Vegetation/Trees/Tree_12_a.fbx
  artifactKey: Guid(d081d63f69a1e274783d783d16c5d482) Importer(815301076,1909f56bfc062723c751e8b465ee728b)
Start importing Assets/WoodsLifestyle/Models/Vegetation/Trees/Tree_12_a.fbx using Guid(d081d63f69a1e274783d783d16c5d482) Importer(815301076,1909f56bfc062723c751e8b465ee728b)  -> (artifact id: '31b4ef075c58c09adf9e2736c8e8aaf5') in 0.019817 seconds 
========================================================================
Received Import Request.
  Time since last request: 0.000015 seconds.
  path: Assets/WoodsLifestyle/Models/Vegetation/Trees/Tree_02_b.fbx
  artifactKey: Guid(989969bcc3760c74ea385b3eab1d8b1a) Importer(815301076,1909f56bfc062723c751e8b465ee728b)
Start importing Assets/WoodsLifestyle/Models/Vegetation/Trees/Tree_02_b.fbx using Guid(989969bcc3760c74ea385b3eab1d8b1a) Importer(815301076,1909f56bfc062723c751e8b465ee728b)  -> (artifact id: '3838c82d5830a4dee389ddb662a56f05') in 0.019059 seconds 
========================================================================
Received Import Request.
  Time since last request: 0.000018 seconds.
  path: Assets/WoodsLifestyle/Models/Vegetation/Trees/Tree_06_a.fbx
  artifactKey: Guid(83cf303068f600a4d80f24c29ee82d70) Importer(815301076,1909f56bfc062723c751e8b465ee728b)
Start importing Assets/WoodsLifestyle/Models/Vegetation/Trees/Tree_06_a.fbx using Guid(83cf303068f600a4d80f24c29ee82d70) Importer(815301076,1909f56bfc062723c751e8b465ee728b)  -> (artifact id: 'b239b850a251693cb9b70d16ee77bf72') in 0.018025 seconds 
========================================================================
Received Import Request.
  Time since last request: 0.000025 seconds.
  path: Assets/WoodsLifestyle/Models/Vegetation/Trees/Tree_02_c.fbx
  artifactKey: Guid(42f9e3e8473c13649826dc0e398f723c) Importer(815301076,1909f56bfc062723c751e8b465ee728b)
Start importing Assets/WoodsLifestyle/Models/Vegetation/Trees/Tree_02_c.fbx using Guid(42f9e3e8473c13649826dc0e398f723c) Importer(815301076,1909f56bfc062723c751e8b465ee728b)  -> (artifact id: '58df1117d72a2e21a6b569cef37d42b0') in 0.019106 seconds 
========================================================================
Received Import Request.
  Time since last request: 0.000025 seconds.
  path: Assets/WoodsLifestyle/Models/Vegetation/Trees/Tree_07_c.fbx
  artifactKey: Guid(49fdd99d817944b43aa11e218b1b80f7) Importer(815301076,1909f56bfc062723c751e8b465ee728b)
Start importing Assets/WoodsLifestyle/Models/Vegetation/Trees/Tree_07_c.fbx using Guid(49fdd99d817944b43aa11e218b1b80f7) Importer(815301076,1909f56bfc062723c751e8b465ee728b)  -> (artifact id: 'ddcfcde6279153106be754211a11a21e') in 0.017041 seconds 
========================================================================
Received Import Request.
  Time since last request: 0.000029 seconds.
  path: Assets/WoodsLifestyle/Models/Vegetation/Trees/Tree_05_c.fbx
  artifactKey: Guid(527839874ac169f4bba3d270e84047f4) Importer(815301076,1909f56bfc062723c751e8b465ee728b)
Start importing Assets/WoodsLifestyle/Models/Vegetation/Trees/Tree_05_c.fbx using Guid(527839874ac169f4bba3d270e84047f4) Importer(815301076,1909f56bfc062723c751e8b465ee728b)  -> (artifact id: '6a72bc379e2e12eeda20566d17352cd6') in 0.018102 seconds 
========================================================================
Received Import Request.
  Time since last request: 0.000030 seconds.
  path: Assets/WoodsLifestyle/Models/Vegetation/Trees/Tree_10_c.fbx
  artifactKey: Guid(5e4f67c457c73564ba23b2275acc6a29) Importer(815301076,1909f56bfc062723c751e8b465ee728b)
Start importing Assets/WoodsLifestyle/Models/Vegetation/Trees/Tree_10_c.fbx using Guid(5e4f67c457c73564ba23b2275acc6a29) Importer(815301076,1909f56bfc062723c751e8b465ee728b)  -> (artifact id: 'b21423f8c0249a4f4a5a162d8a07e1a3') in 0.017951 seconds 
========================================================================
Received Import Request.
  Time since last request: 0.000020 seconds.
  path: Assets/WoodsLifestyle/Models/Vegetation/Trees/Tree_04_b.fbx
  artifactKey: Guid(0f8a2113228416b40bfa840389f2849f) Importer(815301076,1909f56bfc062723c751e8b465ee728b)
Start importing Assets/WoodsLifestyle/Models/Vegetation/Trees/Tree_04_b.fbx using Guid(0f8a2113228416b40bfa840389f2849f) Importer(815301076,1909f56bfc062723c751e8b465ee728b)  -> (artifact id: 'ac2a990c2f953806a8b41b13b7b9cf7b') in 0.018336 seconds 
========================================================================
Received Import Request.
  Time since last request: 0.000026 seconds.
  path: Assets/WoodsLifestyle/Models/Vegetation/Trees/Tree_04_a.fbx
  artifactKey: Guid(863b270f68a244143b772ba842b2a4a9) Importer(815301076,1909f56bfc062723c751e8b465ee728b)
Start importing Assets/WoodsLifestyle/Models/Vegetation/Trees/Tree_04_a.fbx using Guid(863b270f68a244143b772ba842b2a4a9) Importer(815301076,1909f56bfc062723c751e8b465ee728b)  -> (artifact id: '030e68ac13b70c2719ca733b65817626') in 0.019096 seconds 
========================================================================
Received Import Request.
  Time since last request: 0.000018 seconds.
  path: Assets/WoodsLifestyle/Models/Vegetation/Trees/Tree_04_c.fbx
  artifactKey: Guid(15943af1c7498d748bbf6988023d7482) Importer(815301076,1909f56bfc062723c751e8b465ee728b)
Start importing Assets/WoodsLifestyle/Models/Vegetation/Trees/Tree_04_c.fbx using Guid(15943af1c7498d748bbf6988023d7482) Importer(815301076,1909f56bfc062723c751e8b465ee728b)  -> (artifact id: '5a6fbfbce5fd5ec7bf9ff27691fc0fbf') in 0.017510 seconds 
========================================================================
Received Import Request.
  Time since last request: 11.046587 seconds.
  path: Assets/WoodsLifestyle/Models/Props
  artifactKey: Guid(7d2bfe9f91fef724483baa61b8e7163f) Importer(815301076,1909f56bfc062723c751e8b465ee728b)
Start importing Assets/WoodsLifestyle/Models/Props using Guid(7d2bfe9f91fef724483baa61b8e7163f) Importer(815301076,1909f56bfc062723c751e8b465ee728b)  -> (artifact id: '353722dac9017a8108bd263ea4fc4806') in 0.007250 seconds 
========================================================================
Received Import Request.
  Time since last request: 1.554223 seconds.
  path: Assets/WoodsLifestyle/Models/Props/Interior
  artifactKey: Guid(06eaa55266d06614b9719406f4352a69) Importer(815301076,1909f56bfc062723c751e8b465ee728b)
Start importing Assets/WoodsLifestyle/Models/Props/Interior using Guid(06eaa55266d06614b9719406f4352a69) Importer(815301076,1909f56bfc062723c751e8b465ee728b)  -> (artifact id: 'f742b72eeef4f80ecbfa28c1a27f697a') in 0.007140 seconds 
========================================================================
Received Import Request.
  Time since last request: 0.091364 seconds.
  path: Assets/WoodsLifestyle/Models/Props/Interior/Book_01_a.fbx
  artifactKey: Guid(be68145784b4b6a4cb8294800b948024) Importer(815301076,1909f56bfc062723c751e8b465ee728b)
Start importing Assets/WoodsLifestyle/Models/Props/Interior/Book_01_a.fbx using Guid(be68145784b4b6a4cb8294800b948024) Importer(815301076,1909f56bfc062723c751e8b465ee728b)  -> (artifact id: '5fbcf0693c3233ad1d8848f836343854') in 0.017456 seconds 
========================================================================
Received Import Request.
  Time since last request: 0.000017 seconds.
  path: Assets/WoodsLifestyle/Models/Props/Interior/Book_03_b.fbx
  artifactKey: Guid(72270f05c0bbe824c9c8d62d95a8397b) Importer(815301076,1909f56bfc062723c751e8b465ee728b)
Start importing Assets/WoodsLifestyle/Models/Props/Interior/Book_03_b.fbx using Guid(72270f05c0bbe824c9c8d62d95a8397b) Importer(815301076,1909f56bfc062723c751e8b465ee728b)  -> (artifact id: '3d8b7a9e8f7897d0644794c911de6abf') in 0.018090 seconds 
========================================================================
Received Import Request.
  Time since last request: 0.000042 seconds.
  path: Assets/WoodsLifestyle/Models/Props/Interior/Candle_02_b.fbx
  artifactKey: Guid(0251b50cfad7858429a27ea4d41e5433) Importer(815301076,1909f56bfc062723c751e8b465ee728b)
Start importing Assets/WoodsLifestyle/Models/Props/Interior/Candle_02_b.fbx using Guid(0251b50cfad7858429a27ea4d41e5433) Importer(815301076,1909f56bfc062723c751e8b465ee728b)  -> (artifact id: '15aa9d9e6bd3a4ae742528f6c5d098f1') in 0.019917 seconds 
========================================================================
Received Import Request.
  Time since last request: 0.000025 seconds.
  path: Assets/WoodsLifestyle/Models/Props/Interior/Book_02_a.fbx
  artifactKey: Guid(afa24582f04f08240819d0d04afe12a5) Importer(815301076,1909f56bfc062723c751e8b465ee728b)
Start importing Assets/WoodsLifestyle/Models/Props/Interior/Book_02_a.fbx using Guid(afa24582f04f08240819d0d04afe12a5) Importer(815301076,1909f56bfc062723c751e8b465ee728b)  -> (artifact id: '4705cbfc438235ada0f8fed45e562f2e') in 0.021421 seconds 
========================================================================
Received Import Request.
  Time since last request: 0.000023 seconds.
  path: Assets/WoodsLifestyle/Models/Props/Interior/Lamp_01_b.fbx
  artifactKey: Guid(de0b047cd0dabf84f9dfa505bfa0b1bf) Importer(815301076,1909f56bfc062723c751e8b465ee728b)
Start importing Assets/WoodsLifestyle/Models/Props/Interior/Lamp_01_b.fbx using Guid(de0b047cd0dabf84f9dfa505bfa0b1bf) Importer(815301076,1909f56bfc062723c751e8b465ee728b)  -> (artifact id: '3d725a92220c13a9bffd30a1ea56f1f1') in 0.021725 seconds 
========================================================================
Received Import Request.
  Time since last request: 0.000035 seconds.
  path: Assets/WoodsLifestyle/Models/Props/Interior/Candle_01_b.fbx
  artifactKey: Guid(6e2f22ee1cac9e941b9b3153c9a854d8) Importer(815301076,1909f56bfc062723c751e8b465ee728b)
Start importing Assets/WoodsLifestyle/Models/Props/Interior/Candle_01_b.fbx using Guid(6e2f22ee1cac9e941b9b3153c9a854d8) Importer(815301076,1909f56bfc062723c751e8b465ee728b)  -> (artifact id: 'ab5d2e0a160566183f1d9a323652d46a') in 0.020598 seconds 
========================================================================
Received Import Request.
  Time since last request: 0.000016 seconds.
  path: Assets/WoodsLifestyle/Models/Props/Interior/Mirror_01.fbx
  artifactKey: Guid(edad6fbac59377a4e9572b176fdd7402) Importer(815301076,1909f56bfc062723c751e8b465ee728b)
Start importing Assets/WoodsLifestyle/Models/Props/Interior/Mirror_01.fbx using Guid(edad6fbac59377a4e9572b176fdd7402) Importer(815301076,1909f56bfc062723c751e8b465ee728b)  -> (artifact id: 'ad65625a93933c8d04862eeb95e5fb17') in 0.019140 seconds 
========================================================================
Received Import Request.
  Time since last request: 0.000051 seconds.
  path: Assets/WoodsLifestyle/Models/Props/Interior/BookOpen_01_c.fbx
  artifactKey: Guid(dc6266207e0a75a478a7e02c94da55dd) Importer(815301076,1909f56bfc062723c751e8b465ee728b)
Start importing Assets/WoodsLifestyle/Models/Props/Interior/BookOpen_01_c.fbx using Guid(dc6266207e0a75a478a7e02c94da55dd) Importer(815301076,1909f56bfc062723c751e8b465ee728b)  -> (artifact id: 'b1f5a9a5f7cc1f8c6e71a4da4b789144') in 0.017321 seconds 
========================================================================
Received Import Request.
  Time since last request: 0.000017 seconds.
  path: Assets/WoodsLifestyle/Models/Props/Interior/BookOpen_01_b.fbx
  artifactKey: Guid(07d3790148a41e146b1d676151ef44ed) Importer(815301076,1909f56bfc062723c751e8b465ee728b)
Start importing Assets/WoodsLifestyle/Models/Props/Interior/BookOpen_01_b.fbx using Guid(07d3790148a41e146b1d676151ef44ed) Importer(815301076,1909f56bfc062723c751e8b465ee728b)  -> (artifact id: '6cbaf3fcbadde27afe92f1dc3fc261dc') in 0.018909 seconds 
========================================================================
Received Import Request.
  Time since last request: 0.000025 seconds.
  path: Assets/WoodsLifestyle/Models/Props/Interior/Book_02_b.fbx
  artifactKey: Guid(650764bbb3d28484781ebef1db04cbce) Importer(815301076,1909f56bfc062723c751e8b465ee728b)
Start importing Assets/WoodsLifestyle/Models/Props/Interior/Book_02_b.fbx using Guid(650764bbb3d28484781ebef1db04cbce) Importer(815301076,1909f56bfc062723c751e8b465ee728b)  -> (artifact id: 'c1056dad583f7df5dc8eb90e7f470cee') in 0.018675 seconds 
========================================================================
Received Import Request.
  Time since last request: 0.000024 seconds.
  path: Assets/WoodsLifestyle/Models/Props/Interior/Book_03_d.fbx
  artifactKey: Guid(2b9359ef72a16d3408fd7be541709ddb) Importer(815301076,1909f56bfc062723c751e8b465ee728b)
Start importing Assets/WoodsLifestyle/Models/Props/Interior/Book_03_d.fbx using Guid(2b9359ef72a16d3408fd7be541709ddb) Importer(815301076,1909f56bfc062723c751e8b465ee728b)  -> (artifact id: 'bcd189ac1e5c436c99ac257accd303c5') in 0.019218 seconds 
========================================================================
Received Import Request.
  Time since last request: 0.000021 seconds.
  path: Assets/WoodsLifestyle/Models/Props/Interior/Book_03_a.fbx
  artifactKey: Guid(141cbf5ca05051045b6869c2aaf097fa) Importer(815301076,1909f56bfc062723c751e8b465ee728b)
Start importing Assets/WoodsLifestyle/Models/Props/Interior/Book_03_a.fbx using Guid(141cbf5ca05051045b6869c2aaf097fa) Importer(815301076,1909f56bfc062723c751e8b465ee728b)  -> (artifact id: 'a6c8bbefadf8b5d9cb4b84cb3acaea6d') in 0.017457 seconds 
========================================================================
Received Import Request.
  Time since last request: 0.000027 seconds.
  path: Assets/WoodsLifestyle/Models/Props/Interior/Candle_01_c.fbx
  artifactKey: Guid(9b3192e3ae6f72140a38fea26a480cce) Importer(815301076,1909f56bfc062723c751e8b465ee728b)
Start importing Assets/WoodsLifestyle/Models/Props/Interior/Candle_01_c.fbx using Guid(9b3192e3ae6f72140a38fea26a480cce) Importer(815301076,1909f56bfc062723c751e8b465ee728b)  -> (artifact id: '699d3b755728592ec4dac09f4b96897b') in 0.016692 seconds 
========================================================================
Received Import Request.
  Time since last request: 1.440303 seconds.
  path: Assets/WoodsLifestyle/Models/Props/Furniture
  artifactKey: Guid(e028579b8e10fc94dacbc2a2d0ad7c93) Importer(815301076,1909f56bfc062723c751e8b465ee728b)
Start importing Assets/WoodsLifestyle/Models/Props/Furniture using Guid(e028579b8e10fc94dacbc2a2d0ad7c93) Importer(815301076,1909f56bfc062723c751e8b465ee728b)  -> (artifact id: '6c38da4e7319ac156ed95d1d8980285d') in 0.007523 seconds 
========================================================================
Received Import Request.
  Time since last request: 0.028116 seconds.
  path: Assets/WoodsLifestyle/Models/Props/Furniture/BedDouble_01.fbx
  artifactKey: Guid(74c729f20927f0345b50c794038af650) Importer(815301076,1909f56bfc062723c751e8b465ee728b)
Start importing Assets/WoodsLifestyle/Models/Props/Furniture/BedDouble_01.fbx using Guid(74c729f20927f0345b50c794038af650) Importer(815301076,1909f56bfc062723c751e8b465ee728b)  -> (artifact id: 'c7e208e9b82f190a9e9b1bfc685b1703') in 0.017181 seconds 
========================================================================
Received Import Request.
  Time since last request: 0.000018 seconds.
  path: Assets/WoodsLifestyle/Models/Props/Furniture/Fireplace_01.fbx
  artifactKey: Guid(7ae748dd3182d2c4ca22183535ba88f8) Importer(815301076,1909f56bfc062723c751e8b465ee728b)
Start importing Assets/WoodsLifestyle/Models/Props/Furniture/Fireplace_01.fbx using Guid(7ae748dd3182d2c4ca22183535ba88f8) Importer(815301076,1909f56bfc062723c751e8b465ee728b)  -> (artifact id: 'dbadcfd0740a5eab2beeb1883f7d8bd3') in 0.018600 seconds 
========================================================================
Received Import Request.
  Time since last request: 0.000021 seconds.
  path: Assets/WoodsLifestyle/Models/Props/Furniture/Table_02_b.fbx
  artifactKey: Guid(18d7666da45eabc44884a8396052633a) Importer(815301076,1909f56bfc062723c751e8b465ee728b)
Start importing Assets/WoodsLifestyle/Models/Props/Furniture/Table_02_b.fbx using Guid(18d7666da45eabc44884a8396052633a) Importer(815301076,1909f56bfc062723c751e8b465ee728b)  -> (artifact id: '699642f89dae7cc3fe601fcc52505125') in 0.024868 seconds 
========================================================================
Received Import Request.
  Time since last request: 0.000015 seconds.
  path: Assets/WoodsLifestyle/Models/Props/Furniture/WallShelf_01.fbx
  artifactKey: Guid(180b77fcbe0383540a9ff71008143542) Importer(815301076,1909f56bfc062723c751e8b465ee728b)
Start importing Assets/WoodsLifestyle/Models/Props/Furniture/WallShelf_01.fbx using Guid(180b77fcbe0383540a9ff71008143542) Importer(815301076,1909f56bfc062723c751e8b465ee728b)  -> (artifact id: '830c54d3977128b7418aeff52bf2b731') in 0.019470 seconds 
========================================================================
Received Import Request.
  Time since last request: 0.000034 seconds.
  path: Assets/WoodsLifestyle/Models/Props/Furniture/Chair_01.fbx
  artifactKey: Guid(ae519a414e4006d43974342e198ba96a) Importer(815301076,1909f56bfc062723c751e8b465ee728b)
Start importing Assets/WoodsLifestyle/Models/Props/Furniture/Chair_01.fbx using Guid(ae519a414e4006d43974342e198ba96a) Importer(815301076,1909f56bfc062723c751e8b465ee728b)  -> (artifact id: '9422b451c4b9683ca8b1180e3f687a1e') in 0.019385 seconds 
========================================================================
Received Import Request.
  Time since last request: 0.000022 seconds.
  path: Assets/WoodsLifestyle/Models/Props/Furniture/Table_03.fbx
  artifactKey: Guid(547596d8e90fbca449aa0430f7f80941) Importer(815301076,1909f56bfc062723c751e8b465ee728b)
Start importing Assets/WoodsLifestyle/Models/Props/Furniture/Table_03.fbx using Guid(547596d8e90fbca449aa0430f7f80941) Importer(815301076,1909f56bfc062723c751e8b465ee728b)  -> (artifact id: '2643cdd80c80c52dc9cc3d89c5fb5829') in 0.018306 seconds 
========================================================================
Received Import Request.
  Time since last request: 3.973578 seconds.
  path: Assets/WoodsLifestyle/Models/Props/Exterior
  artifactKey: Guid(2f360ebd83b9da941ac88a9b6514ec25) Importer(815301076,1909f56bfc062723c751e8b465ee728b)
Start importing Assets/WoodsLifestyle/Models/Props/Exterior using Guid(2f360ebd83b9da941ac88a9b6514ec25) Importer(815301076,1909f56bfc062723c751e8b465ee728b)  -> (artifact id: 'bfa95809b236fe057eef92b3b08c44c4') in 0.007512 seconds 
========================================================================
Received Import Request.
  Time since last request: 0.019215 seconds.
  path: Assets/WoodsLifestyle/Models/Props/Exterior/LightPost_01.fbx
  artifactKey: Guid(b98185666e2db154a9e9012d6270c56b) Importer(815301076,1909f56bfc062723c751e8b465ee728b)
Start importing Assets/WoodsLifestyle/Models/Props/Exterior/LightPost_01.fbx using Guid(b98185666e2db154a9e9012d6270c56b) Importer(815301076,1909f56bfc062723c751e8b465ee728b)  -> (artifact id: 'de79e6eaea7a16303ffb4c97a3a27fe6') in 0.017881 seconds 
========================================================================
Received Import Request.
  Time since last request: 0.000024 seconds.
  path: Assets/WoodsLifestyle/Models/Props/Exterior/SignPost_01_a.fbx
  artifactKey: Guid(ebc2d9f1f3db66a41a7497423e6ac6d0) Importer(815301076,1909f56bfc062723c751e8b465ee728b)
Start importing Assets/WoodsLifestyle/Models/Props/Exterior/SignPost_01_a.fbx using Guid(ebc2d9f1f3db66a41a7497423e6ac6d0) Importer(815301076,1909f56bfc062723c751e8b465ee728b)  -> (artifact id: 'cfeffc7f406d67b0b564ef730fdc066c') in 0.022547 seconds 
========================================================================
Received Import Request.
  Time since last request: 0.000016 seconds.
  path: Assets/WoodsLifestyle/Models/Props/Exterior/Stand_03_b.fbx
  artifactKey: Guid(ec3dfb87724ddf743b08377725e39152) Importer(815301076,1909f56bfc062723c751e8b465ee728b)
Start importing Assets/WoodsLifestyle/Models/Props/Exterior/Stand_03_b.fbx using Guid(ec3dfb87724ddf743b08377725e39152) Importer(815301076,1909f56bfc062723c751e8b465ee728b)  -> (artifact id: '3367a610aa69239c7f59bae5e98d7919') in 0.022881 seconds 
========================================================================
Received Import Request.
  Time since last request: 2.357391 seconds.
  path: Assets/WoodsLifestyle/Models/Props/General
  artifactKey: Guid(749453715cf02864f9ca0dffca618281) Importer(815301076,1909f56bfc062723c751e8b465ee728b)
Start importing Assets/WoodsLifestyle/Models/Props/General using Guid(749453715cf02864f9ca0dffca618281) Importer(815301076,1909f56bfc062723c751e8b465ee728b)  -> (artifact id: '08f9f565c8eae3b87fc3270a346d09e1') in 0.008214 seconds 
========================================================================
Received Import Request.
  Time since last request: 0.034723 seconds.
  path: Assets/WoodsLifestyle/Models/Props/General/Barrel_01.fbx
  artifactKey: Guid(77b0611b275bd694e8fd6a23a47d1221) Importer(815301076,1909f56bfc062723c751e8b465ee728b)
Start importing Assets/WoodsLifestyle/Models/Props/General/Barrel_01.fbx using Guid(77b0611b275bd694e8fd6a23a47d1221) Importer(815301076,1909f56bfc062723c751e8b465ee728b)  -> (artifact id: '76f5d3153c2bb4774c7a330b92684953') in 0.017576 seconds 
========================================================================
Received Import Request.
  Time since last request: 0.000015 seconds.
  path: Assets/WoodsLifestyle/Models/Props/General/Bucket_01_b.fbx
  artifactKey: Guid(947d9556d6c22274089b048e993a1f98) Importer(815301076,1909f56bfc062723c751e8b465ee728b)
Start importing Assets/WoodsLifestyle/Models/Props/General/Bucket_01_b.fbx using Guid(947d9556d6c22274089b048e993a1f98) Importer(815301076,1909f56bfc062723c751e8b465ee728b)  -> (artifact id: '335129533d78de3a9ed59bcb8f5362e9') in 0.020702 seconds 
========================================================================
Received Import Request.
  Time since last request: 0.000029 seconds.
  path: Assets/WoodsLifestyle/Models/Props/General/WheeledCarrier_01.fbx
  artifactKey: Guid(e4a95dc762fe0ce4d8e83ba20bce90b2) Importer(815301076,1909f56bfc062723c751e8b465ee728b)
Start importing Assets/WoodsLifestyle/Models/Props/General/WheeledCarrier_01.fbx using Guid(e4a95dc762fe0ce4d8e83ba20bce90b2) Importer(815301076,1909f56bfc062723c751e8b465ee728b)  -> (artifact id: 'a0577567af438cce8d8ed301a3728e87') in 0.019674 seconds 
========================================================================
Received Import Request.
  Time since last request: 6.679863 seconds.
  path: Assets/WoodsLifestyle/Models/Props/Water
  artifactKey: Guid(e0164b67c9b4fd44b97c45ce7b3c0cae) Importer(815301076,1909f56bfc062723c751e8b465ee728b)
Start importing Assets/WoodsLifestyle/Models/Props/Water using Guid(e0164b67c9b4fd44b97c45ce7b3c0cae) Importer(815301076,1909f56bfc062723c751e8b465ee728b)  -> (artifact id: '9c73ca4c9d7e6a0a203c3a8498e02302') in 0.007367 seconds 
========================================================================
Received Import Request.
  Time since last request: 0.027584 seconds.
  path: Assets/WoodsLifestyle/Models/Props/Water/Canoe_01.fbx
  artifactKey: Guid(baaaeaba8d13ed84cbf2d5f61ad0fce8) Importer(815301076,1909f56bfc062723c751e8b465ee728b)
Start importing Assets/WoodsLifestyle/Models/Props/Water/Canoe_01.fbx using Guid(baaaeaba8d13ed84cbf2d5f61ad0fce8) Importer(815301076,1909f56bfc062723c751e8b465ee728b)  -> (artifact id: '8b647157960986ada639506c173f43ec') in 0.017993 seconds 
========================================================================
Received Import Request.
  Time since last request: 0.000023 seconds.
  path: Assets/WoodsLifestyle/Models/Props/Water/RowBoat_01_b.fbx
  artifactKey: Guid(cc7b39c76fcfe3d42a95d059afae973a) Importer(815301076,1909f56bfc062723c751e8b465ee728b)
Start importing Assets/WoodsLifestyle/Models/Props/Water/RowBoat_01_b.fbx using Guid(cc7b39c76fcfe3d42a95d059afae973a) Importer(815301076,1909f56bfc062723c751e8b465ee728b)  -> (artifact id: 'adaa7275bdfef38e3109fdb04fd8a4da') in 0.023634 seconds 
========================================================================
Received Import Request.
  Time since last request: 2.436304 seconds.
  path: Assets/WoodsLifestyle/Models/Props/Water/Jetty
  artifactKey: Guid(752cab270cabff14c866391c376d5b1c) Importer(815301076,1909f56bfc062723c751e8b465ee728b)
Start importing Assets/WoodsLifestyle/Models/Props/Water/Jetty using Guid(752cab270cabff14c866391c376d5b1c) Importer(815301076,1909f56bfc062723c751e8b465ee728b)  -> (artifact id: '1013fcf8878abe1f39e6f6c86d1014ff') in 0.008881 seconds 
========================================================================
Received Import Request.
  Time since last request: 0.035382 seconds.
  path: Assets/WoodsLifestyle/Models/Props/Water/Jetty/JettiBoard_01_a.fbx
  artifactKey: Guid(116dcdac0421b4a4f8441b5231d45c58) Importer(815301076,1909f56bfc062723c751e8b465ee728b)
Start importing Assets/WoodsLifestyle/Models/Props/Water/Jetty/JettiBoard_01_a.fbx using Guid(116dcdac0421b4a4f8441b5231d45c58) Importer(815301076,1909f56bfc062723c751e8b465ee728b)  -> (artifact id: '85d770790e9be05d8ba26af2aa4d790e') in 0.017286 seconds 
========================================================================
Received Import Request.
  Time since last request: 0.000020 seconds.
  path: Assets/WoodsLifestyle/Models/Props/Water/Jetty/JettiBoard_Turn_02_a.fbx
  artifactKey: Guid(d58ca8c033762044eb5b96685ff6194d) Importer(815301076,1909f56bfc062723c751e8b465ee728b)
Start importing Assets/WoodsLifestyle/Models/Props/Water/Jetty/JettiBoard_Turn_02_a.fbx using Guid(d58ca8c033762044eb5b96685ff6194d) Importer(815301076,1909f56bfc062723c751e8b465ee728b)  -> (artifact id: '8c72654cedab458eeee6517c719e8e06') in 0.019179 seconds 
========================================================================
Received Import Request.
  Time since last request: 0.000033 seconds.
  path: Assets/WoodsLifestyle/Models/Props/Water/Jetty/JettiBoard_Turn_01_a.fbx
  artifactKey: Guid(2a67e57fee057594bab760d523cf6816) Importer(815301076,1909f56bfc062723c751e8b465ee728b)
Start importing Assets/WoodsLifestyle/Models/Props/Water/Jetty/JettiBoard_Turn_01_a.fbx using Guid(2a67e57fee057594bab760d523cf6816) Importer(815301076,1909f56bfc062723c751e8b465ee728b)  -> (artifact id: 'ddc35532fc8dfc9988af9113cf6c40ec') in 0.019592 seconds 
========================================================================
Received Import Request.
  Time since last request: 9.849363 seconds.
  path: Assets/WoodsLifestyle/Models/Buildings
  artifactKey: Guid(57d8b1fbc69ef724ba422e4334c990ad) Importer(815301076,1909f56bfc062723c751e8b465ee728b)
Start importing Assets/WoodsLifestyle/Models/Buildings using Guid(57d8b1fbc69ef724ba422e4334c990ad) Importer(815301076,1909f56bfc062723c751e8b465ee728b)  -> (artifact id: '03d9c6241bffabb3b1e1efd3f7300785') in 0.001991 seconds 
========================================================================
Received Import Request.
  Time since last request: 0.026040 seconds.
  path: Assets/WoodsLifestyle/Models/Buildings/Bridge_01.fbx
  artifactKey: Guid(2a1d8275bed287f4ab6cab011df86adc) Importer(815301076,1909f56bfc062723c751e8b465ee728b)
Start importing Assets/WoodsLifestyle/Models/Buildings/Bridge_01.fbx using Guid(2a1d8275bed287f4ab6cab011df86adc) Importer(815301076,1909f56bfc062723c751e8b465ee728b)  -> (artifact id: 'e82ab4c754851ff3c0f7bcbd9aa68324') in 0.017977 seconds 
========================================================================
Received Import Request.
  Time since last request: 0.000016 seconds.
  path: Assets/WoodsLifestyle/Models/Buildings/Well_01.fbx
  artifactKey: Guid(4f49a178802889240940614840a8758e) Importer(815301076,1909f56bfc062723c751e8b465ee728b)
Start importing Assets/WoodsLifestyle/Models/Buildings/Well_01.fbx using Guid(4f49a178802889240940614840a8758e) Importer(815301076,1909f56bfc062723c751e8b465ee728b)  -> (artifact id: '9a875b07dc58bd512f54f5673b6bd821') in 0.021563 seconds 
Editor requested this worker to shutdown with reason: Scaling down because of idle timeout
AssetImportWorker is now disconnected from the server
Process exiting
Exiting without the bug reporter. Application will terminate with return code 0